<?xml version="1.0" encoding="UTF-8"?>
<robot generator="Robot 7.1.1 (Python 3.12.8 on darwin)" generated="2025-08-29T20:25:03.459554" rpa="false" schemaversion="5">
<suite id="s1" name="TC2 Get Request" source="/Users/enwer/Desktop/TestAutomation/RobotFramework/TestCases/TC2_Get_Request.robot">
<test id="s1-t1" name="Verify a Single Post" line="12">
<kw name="Create Session" owner="RequestsLibrary">
<msg time="2025-08-29T20:25:03.521486" level="INFO">Creating Session using : alias=first_test, url=https://jsonplaceholder.typicode.com, headers={},                     cookies={}, auth=None, timeout=None, proxies=None, verify=False,                     debug=0 </msg>
<arg>first_test</arg>
<arg>${base_url}</arg>
<doc>Create Session: create a HTTP session to a server</doc>
<status status="PASS" start="2025-08-29T20:25:03.521417" elapsed="0.000141"/>
</kw>
<kw name="GET On Session" owner="RequestsLibrary">
<msg time="2025-08-29T20:25:03.576111" level="INFO">GET Request : url=https://jsonplaceholder.typicode.com/posts/1 
 path_url=/posts/1 
 headers={'User-Agent': 'python-requests/2.32.3', 'Accept-Encoding': 'gzip, deflate', 'Accept': '*/*', 'Connection': 'keep-alive'} 
 body=None 
 </msg>
<msg time="2025-08-29T20:25:03.576179" level="INFO">GET Response : url=https://jsonplaceholder.typicode.com/posts/1 
 status=200, reason=OK 
 headers={'Date': 'Fri, 29 Aug 2025 18:25:03 GMT', 'Content-Type': 'application/json; charset=utf-8', 'Transfer-Encoding': 'chunked', 'Connection': 'keep-alive', 'access-control-allow-credentials': 'true', 'Cache-Control': 'max-age=43200', 'etag': 'W/"124-yiKdLzqO5gfBrJFrcdJ8Yq0LGnU"', 'expires': '-1', 'nel': '{"report_to":"heroku-nel","response_headers":["Via"],"max_age":3600,"success_fraction":0.01,"failure_fraction":0.1}', 'pragma': 'no-cache', 'report-to': '{"group":"heroku-nel","endpoints":[{"url":"https://nel.heroku.com/reports?s=VjJpH3PAuNrz6amXKRk4LtjkHFwIK0TVjVOukNsYOpE%3D\\u0026sid=e11707d5-02a7-43ef-b45e-2cf4d2036f7d\\u0026ts=1753315135"}],"max_age":3600}', 'reporting-endpoints': 'heroku-nel="https://nel.heroku.com/reports?s=VjJpH3PAuNrz6amXKRk4LtjkHFwIK0TVjVOukNsYOpE%3D&amp;sid=e11707d5-02a7-43ef-b45e-2cf4d2036f7d&amp;ts=1753315135"', 'Server': 'cloudflare', 'vary': 'Origin, Accept-Encoding', 'via': '2.0 heroku-router', 'x-content-type-options': 'nosniff', 'x-powered-by': 'Express', 'x-ratelimit-limit': '1000', 'x-ratelimit-remaining': '999', 'x-ratelimit-reset': '1753315149', 'Age': '13824', 'cf-cache-status': 'HIT', 'Content-Encoding': 'gzip', 'CF-RAY': '976e16bd7a131ef7-AMS', 'alt-svc': 'h3=":443"; ma=86400'} 
 body={
  "userId": 1,
  "id": 1,
  "title": "sunt aut facere repellat provident occaecati excepturi optio reprehenderit",
  "body": "quia et suscipit\nsuscipit recusandae consequuntur expedita et cum\nreprehenderit molestiae ut ut quas totam\nnostrum rerum est autem sunt rem eveniet architecto"
} 
 </msg>
<msg time="2025-08-29T20:25:03.576218" level="INFO">/Library/Frameworks/Python.framework/Versions/3.12/lib/python3.12/site-packages/urllib3/connectionpool.py:1097: InsecureRequestWarning: Unverified HTTPS request is being made to host 'jsonplaceholder.typicode.com'. Adding certificate verification is strongly advised. See: https://urllib3.readthedocs.io/en/latest/advanced-usage.html#tls-warnings
  warnings.warn(</msg>
<msg time="2025-08-29T20:25:03.576285" level="INFO">${response} = &lt;Response [200]&gt;</msg>
<var>${response}</var>
<arg>first_test</arg>
<arg>/posts/1</arg>
<doc>Sends a GET request on a previously created HTTP Session.</doc>
<status status="PASS" start="2025-08-29T20:25:03.521633" elapsed="0.054665"/>
</kw>
<kw name="Status Should Be" owner="RequestsLibrary">
<arg>200</arg>
<arg>${response}</arg>
<doc>Fails if response status code is different than the expected.</doc>
<status status="PASS" start="2025-08-29T20:25:03.576395" elapsed="0.000116"/>
</kw>
<kw name="To Json" owner="RequestsLibrary">
<msg time="2025-08-29T20:25:03.576573" level="WARN">Keyword 'RequestsLibrary.To Json' is deprecated. Please use ${resp.json()} instead. Have a look at the improved HTML output as pretty printing replacement.</msg>
<msg time="2025-08-29T20:25:03.576797" level="INFO">To JSON using : content={
  "userId": 1,
  "id": 1,
  "title": "sunt aut facere repellat provident occaecati excepturi optio reprehenderit",
  "body": "quia et suscipit\nsuscipit recusandae consequuntur expedita et cum\nreprehenderit molestiae ut ut quas totam\nnostrum rerum est autem sunt rem eveniet architecto"
} </msg>
<msg time="2025-08-29T20:25:03.576807" level="INFO">To JSON using : pretty_print=False </msg>
<msg time="2025-08-29T20:25:03.576833" level="INFO">${json_body} = {'userId': 1, 'id': 1, 'title': 'sunt aut facere repellat provident occaecati excepturi optio reprehenderit', 'body': 'quia et suscipit\nsuscipit recusandae consequuntur expedita et cum\nreprehenderit...</msg>
<var>${json_body}</var>
<arg>${response.text}</arg>
<doc>*DEPRECATED* Please use ${resp.json()} instead. Have a look at the improved HTML output as pretty printing replacement.</doc>
<status status="PASS" start="2025-08-29T20:25:03.576563" elapsed="0.000276"/>
</kw>
<kw name="Log" owner="BuiltIn">
<msg time="2025-08-29T20:25:03.576938" level="INFO">JSON Body: {'userId': 1, 'id': 1, 'title': 'sunt aut facere repellat provident occaecati excepturi optio reprehenderit', 'body': 'quia et suscipit\nsuscipit recusandae consequuntur expedita et cum\nreprehenderit molestiae ut ut quas totam\nnostrum rerum est autem sunt rem eveniet architecto'}</msg>
<arg>JSON Body: ${json_body}</arg>
<doc>Logs the given message with the given level.</doc>
<status status="PASS" start="2025-08-29T20:25:03.576890" elapsed="0.000062"/>
</kw>
<kw name="Should Contain" owner="BuiltIn">
<arg>${json_body}[title]</arg>
<arg>repellat</arg>
<doc>Fails if ``container`` does not contain ``item`` one or more times.</doc>
<status status="PASS" start="2025-08-29T20:25:03.576994" elapsed="0.000050"/>
</kw>
<kw name="Should Be Equal As Strings" owner="BuiltIn">
<msg time="2025-08-29T20:25:03.577129" level="INFO">Argument types are:
&lt;class 'int'&gt;
&lt;class 'str'&gt;</msg>
<arg>${json_body}[userId]</arg>
<arg>1</arg>
<doc>Fails if objects are unequal after converting them to strings.</doc>
<status status="PASS" start="2025-08-29T20:25:03.577083" elapsed="0.000063"/>
</kw>
<doc>Test case to get and verify the details of a single post.</doc>
<status status="PASS" start="2025-08-29T20:25:03.521079" elapsed="0.056118"/>
</test>
<test id="s1-t2" name="Create a New Post" line="27">
<kw name="Create Session" owner="RequestsLibrary">
<msg time="2025-08-29T20:25:03.577439" level="INFO">Creating Session using : alias=create_post_session, url=https://jsonplaceholder.typicode.com, headers={},                     cookies={}, auth=None, timeout=None, proxies=None, verify=False,                     debug=0 </msg>
<arg>create_post_session</arg>
<arg>${base_url}</arg>
<doc>Create Session: create a HTTP session to a server</doc>
<status status="PASS" start="2025-08-29T20:25:03.577395" elapsed="0.000111"/>
</kw>
<kw name="Create Dictionary" owner="BuiltIn">
<msg time="2025-08-29T20:25:03.577664" level="INFO">&amp;{post_body} = { title=foo | body=bar | userId=1 }</msg>
<var>&amp;{post_body}</var>
<arg>title=foo</arg>
<arg>body=bar</arg>
<arg>userId=1</arg>
<doc>Creates and returns a dictionary based on the given ``items``.</doc>
<status status="PASS" start="2025-08-29T20:25:03.577557" elapsed="0.000115"/>
</kw>
<kw name="POST On Session" owner="RequestsLibrary">
<msg time="2025-08-29T20:25:03.726857" level="INFO">POST Request : url=https://jsonplaceholder.typicode.com/posts 
 path_url=/posts 
 headers={'User-Agent': 'python-requests/2.32.3', 'Accept-Encoding': 'gzip, deflate', 'Accept': '*/*', 'Connection': 'keep-alive', 'Content-Length': '46', 'Content-Type': 'application/json'} 
 body=b'{"title": "foo", "body": "bar", "userId": "1"}' 
 </msg>
<msg time="2025-08-29T20:25:03.726982" level="INFO">POST Response : url=https://jsonplaceholder.typicode.com/posts 
 status=201, reason=Created 
 headers={'Date': 'Fri, 29 Aug 2025 18:25:03 GMT', 'Content-Type': 'application/json; charset=utf-8', 'Content-Length': '67', 'Connection': 'keep-alive', 'access-control-allow-credentials': 'true', 'access-control-expose-headers': 'Location', 'Cache-Control': 'no-cache', 'etag': 'W/"43-e0UvNeXth+6+06UFNnGIVUOlAcw"', 'expires': '-1', 'location': 'https://jsonplaceholder.typicode.com/posts/101', 'nel': '{"report_to":"heroku-nel","response_headers":["Via"],"max_age":3600,"success_fraction":0.01,"failure_fraction":0.1}', 'pragma': 'no-cache', 'report-to': '{"group":"heroku-nel","endpoints":[{"url":"https://nel.heroku.com/reports?s=zPKShkwIPBhoI3ZBOScuILnX7M3ABn5zw9ph1jsN6d4%3D\\u0026sid=e11707d5-02a7-43ef-b45e-2cf4d2036f7d\\u0026ts=1756491903"}],"max_age":3600}', 'reporting-endpoints': 'heroku-nel="https://nel.heroku.com/reports?s=zPKShkwIPBhoI3ZBOScuILnX7M3ABn5zw9ph1jsN6d4%3D&amp;sid=e11707d5-02a7-43ef-b45e-2cf4d2036f7d&amp;ts=1756491903"', 'Server': 'cloudflare', 'vary': 'Origin, X-HTTP-Method-Override, Accept-Encoding', 'via': '2.0 heroku-router', 'x-content-type-options': 'nosniff', 'x-powered-by': 'Express', 'x-ratelimit-limit': '1000', 'x-ratelimit-remaining': '999', 'x-ratelimit-reset': '1756491941', 'cf-cache-status': 'DYNAMIC', 'CF-RAY': '976e16bdd8ce6577-AMS', 'alt-svc': 'h3=":443"; ma=86400'} 
 body={
  "title": "foo",
  "body": "bar",
  "userId": "1",
  "id": 101
} 
 </msg>
<msg time="2025-08-29T20:25:03.727180" level="INFO">/Library/Frameworks/Python.framework/Versions/3.12/lib/python3.12/site-packages/urllib3/connectionpool.py:1097: InsecureRequestWarning: Unverified HTTPS request is being made to host 'jsonplaceholder.typicode.com'. Adding certificate verification is strongly advised. See: https://urllib3.readthedocs.io/en/latest/advanced-usage.html#tls-warnings
  warnings.warn(</msg>
<msg time="2025-08-29T20:25:03.727332" level="INFO">${response} = &lt;Response [201]&gt;</msg>
<var>${response}</var>
<arg>create_post_session</arg>
<arg>/posts</arg>
<arg>json=&amp;{post_body}</arg>
<doc>Sends a POST request on a previously created HTTP Session.</doc>
<status status="PASS" start="2025-08-29T20:25:03.577716" elapsed="0.149640"/>
</kw>
<kw name="Status Should Be" owner="RequestsLibrary">
<arg>201</arg>
<arg>${response}</arg>
<doc>Fails if response status code is different than the expected.</doc>
<status status="PASS" start="2025-08-29T20:25:03.727614" elapsed="0.000274"/>
</kw>
<kw name="To Json" owner="RequestsLibrary">
<msg time="2025-08-29T20:25:03.728073" level="WARN">Keyword 'RequestsLibrary.To Json' is deprecated. Please use ${resp.json()} instead. Have a look at the improved HTML output as pretty printing replacement.</msg>
<msg time="2025-08-29T20:25:03.728670" level="INFO">To JSON using : content={
  "title": "foo",
  "body": "bar",
  "userId": "1",
  "id": 101
} </msg>
<msg time="2025-08-29T20:25:03.728692" level="INFO">To JSON using : pretty_print=False </msg>
<msg time="2025-08-29T20:25:03.728746" level="INFO">${body} = {'title': 'foo', 'body': 'bar', 'userId': '1', 'id': 101}</msg>
<var>${body}</var>
<arg>${response.text}</arg>
<doc>*DEPRECATED* Please use ${resp.json()} instead. Have a look at the improved HTML output as pretty printing replacement.</doc>
<status status="PASS" start="2025-08-29T20:25:03.728046" elapsed="0.000716"/>
</kw>
<kw name="Should Be Equal As Strings" owner="BuiltIn">
<msg time="2025-08-29T20:25:03.729001" level="INFO">Argument types are:
&lt;class 'int'&gt;
&lt;class 'str'&gt;</msg>
<arg>${body}[id]</arg>
<arg>101</arg>
<doc>Fails if objects are unequal after converting them to strings.</doc>
<status status="PASS" start="2025-08-29T20:25:03.728886" elapsed="0.000156"/>
</kw>
<kw name="Should Be Equal As Strings" owner="BuiltIn">
<arg>${body}[title]</arg>
<arg>foo</arg>
<doc>Fails if objects are unequal after converting them to strings.</doc>
<status status="PASS" start="2025-08-29T20:25:03.729146" elapsed="0.000114"/>
</kw>
<doc>Test case to create a new post via a POST request.</doc>
<status status="PASS" start="2025-08-29T20:25:03.577274" elapsed="0.152117"/>
</test>
<status status="PASS" start="2025-08-29T20:25:03.460299" elapsed="0.269495"/>
</suite>
<statistics>
<total>
<stat pass="2" fail="0" skip="0">All Tests</stat>
</total>
<tag>
</tag>
<suite>
<stat pass="2" fail="0" skip="0" id="s1" name="TC2 Get Request">TC2 Get Request</stat>
</suite>
</statistics>
<errors>
<msg time="2025-08-29T20:25:03.576573" level="WARN">Keyword 'RequestsLibrary.To Json' is deprecated. Please use ${resp.json()} instead. Have a look at the improved HTML output as pretty printing replacement.</msg>
<msg time="2025-08-29T20:25:03.728073" level="WARN">Keyword 'RequestsLibrary.To Json' is deprecated. Please use ${resp.json()} instead. Have a look at the improved HTML output as pretty printing replacement.</msg>
</errors>
</robot>
