<?xml version="1.0" encoding="UTF-8"?>
<robot generator="Robot 7.1.1 (Python 3.12.8 on darwin)" generated="2026-02-12T22:00:40.532426" rpa="false" schemaversion="5">
<suite id="s1" name="ABN Mortgage Calculator" source="/Users/enwer/Desktop/TestAutomation/RobotFramework/TestCases/ABN_Mortgage_Calculator.robot">
<test id="s1-t1" name="TC-001 Accept Cookie Consent Banner" line="20">
<kw name="Open Browser To Calculator">
<kw name="Open Browser" owner="SeleniumLibrary">
<msg time="2026-02-12T22:00:40.605178" level="INFO">Opening browser 'chrome' to base url 'https://www.abnamro.nl/en/personal/mortgages/mortgage-calculator/index.html'.</msg>
<arg>${URL}</arg>
<arg>${BROWSER}</arg>
<doc>Opens a new browser instance to the optional ``url``.</doc>
<status status="PASS" start="2026-02-12T22:00:40.605084" elapsed="3.098835"/>
</kw>
<kw name="Maximize Browser Window" owner="SeleniumLibrary">
<doc>Maximizes current browser window.</doc>
<status status="PASS" start="2026-02-12T22:00:43.704225" elapsed="0.379917"/>
</kw>
<kw name="Set Selenium Speed" owner="SeleniumLibrary">
<arg>0.5 seconds</arg>
<doc>Sets the delay that is waited after each Selenium command.</doc>
<status status="PASS" start="2026-02-12T22:00:44.084374" elapsed="0.000296"/>
</kw>
<status status="PASS" start="2026-02-12T22:00:40.604789" elapsed="3.479982"/>
</kw>
<kw name="Accept Cookies">
<kw name="Wait Until Element Is Visible" owner="SeleniumLibrary">
<arg>${COOKIE_ACCEPT}</arg>
<arg>15s</arg>
<doc>Waits until the element ``locator`` is visible.</doc>
<status status="PASS" start="2026-02-12T22:00:44.085206" elapsed="1.022388"/>
</kw>
<kw name="Click Element" owner="SeleniumLibrary">
<msg time="2026-02-12T22:00:45.107918" level="INFO">Clicking element 'id:onetrust-accept-btn-handler'.</msg>
<arg>${COOKIE_ACCEPT}</arg>
<doc>Click the element identified by ``locator``.</doc>
<status status="PASS" start="2026-02-12T22:00:45.107759" elapsed="1.092186"/>
</kw>
<kw name="Wait Until Element Is Not Visible" owner="SeleniumLibrary">
<arg>${COOKIE_ACCEPT}</arg>
<doc>Waits until the element ``locator`` is not visible.</doc>
<status status="PASS" start="2026-02-12T22:00:46.200138" elapsed="1.032021"/>
</kw>
<status status="PASS" start="2026-02-12T22:00:44.085054" elapsed="3.147778"/>
</kw>
<kw name="Capture Page Screenshot" owner="SeleniumLibrary">
<msg time="2026-02-12T22:00:47.805859" level="INFO" html="true">&lt;/td&gt;&lt;/tr&gt;&lt;tr&gt;&lt;td colspan="3"&gt;&lt;a href="TC001_cookies_accepted.png"&gt;&lt;img src="TC001_cookies_accepted.png" width="800px"&gt;&lt;/a&gt;</msg>
<arg>TC001_cookies_accepted.png</arg>
<doc>Takes a screenshot of the current page and embeds it into a log file.</doc>
<status status="PASS" start="2026-02-12T22:00:47.233384" elapsed="0.572679"/>
</kw>
<kw name="Close Browser" owner="SeleniumLibrary" type="TEARDOWN">
<doc>Closes the current browser.</doc>
<status status="PASS" start="2026-02-12T22:00:47.806713" elapsed="0.654991"/>
</kw>
<doc>Accept the cookie consent banner to proceed with tests</doc>
<status status="PASS" start="2026-02-12T22:00:40.604503" elapsed="7.857380"/>
</test>
<test id="s1-t2" name="TC-002 Enter Gross Annual Income" line="27">
<kw name="Open Browser To Calculator">
<kw name="Open Browser" owner="SeleniumLibrary">
<msg time="2026-02-12T22:00:48.463105" level="INFO">Opening browser 'chrome' to base url 'https://www.abnamro.nl/en/personal/mortgages/mortgage-calculator/index.html'.</msg>
<arg>${URL}</arg>
<arg>${BROWSER}</arg>
<doc>Opens a new browser instance to the optional ``url``.</doc>
<status status="PASS" start="2026-02-12T22:00:48.462890" elapsed="2.932759"/>
</kw>
<kw name="Maximize Browser Window" owner="SeleniumLibrary">
<doc>Maximizes current browser window.</doc>
<status status="PASS" start="2026-02-12T22:00:51.397481" elapsed="0.915753"/>
</kw>
<kw name="Set Selenium Speed" owner="SeleniumLibrary">
<arg>0.5 seconds</arg>
<doc>Sets the delay that is waited after each Selenium command.</doc>
<status status="PASS" start="2026-02-12T22:00:52.313487" elapsed="0.000333"/>
</kw>
<status status="PASS" start="2026-02-12T22:00:48.462629" elapsed="3.851295"/>
</kw>
<kw name="Accept Cookies">
<kw name="Wait Until Element Is Visible" owner="SeleniumLibrary">
<arg>${COOKIE_ACCEPT}</arg>
<arg>15s</arg>
<doc>Waits until the element ``locator`` is visible.</doc>
<status status="PASS" start="2026-02-12T22:00:52.314514" elapsed="1.021763"/>
</kw>
<kw name="Click Element" owner="SeleniumLibrary">
<msg time="2026-02-12T22:00:53.337669" level="INFO">Clicking element 'id:onetrust-accept-btn-handler'.</msg>
<arg>${COOKIE_ACCEPT}</arg>
<doc>Click the element identified by ``locator``.</doc>
<status status="PASS" start="2026-02-12T22:00:53.336902" elapsed="1.059079"/>
</kw>
<kw name="Wait Until Element Is Not Visible" owner="SeleniumLibrary">
<arg>${COOKIE_ACCEPT}</arg>
<doc>Waits until the element ``locator`` is not visible.</doc>
<status status="PASS" start="2026-02-12T22:00:54.396481" elapsed="1.021182"/>
</kw>
<status status="PASS" start="2026-02-12T22:00:52.314195" elapsed="3.103773"/>
</kw>
<kw name="Wait Until Element Is Visible" owner="SeleniumLibrary">
<msg time="2026-02-12T22:01:01.033560" level="INFO" html="true">&lt;/td&gt;&lt;/tr&gt;&lt;tr&gt;&lt;td colspan="3"&gt;&lt;a href="selenium-screenshot-1.png"&gt;&lt;img src="selenium-screenshot-1.png" width="800px"&gt;&lt;/a&gt;</msg>
<msg time="2026-02-12T22:01:01.033688" level="FAIL">Element 'xpath://input[@data-testid="income-input"]' not visible after 5 seconds.</msg>
<arg>${INCOME_FIELD}</arg>
<doc>Waits until the element ``locator`` is visible.</doc>
<status status="FAIL" start="2026-02-12T22:00:55.418419" elapsed="5.616952">Element 'xpath://input[@data-testid="income-input"]' not visible after 5 seconds.</status>
</kw>
<kw name="Input Text" owner="SeleniumLibrary">
<arg>${INCOME_FIELD}</arg>
<arg>65000</arg>
<doc>Types the given ``text`` into the text field identified by ``locator``.</doc>
<status status="NOT RUN" start="2026-02-12T22:01:01.035510" elapsed="0.000017"/>
</kw>
<kw name="Capture Page Screenshot" owner="SeleniumLibrary">
<arg>TC002_income_entered.png</arg>
<doc>Takes a screenshot of the current page and embeds it into a log file.</doc>
<status status="NOT RUN" start="2026-02-12T22:01:01.035582" elapsed="0.000010"/>
</kw>
<kw name="Close Browser" owner="SeleniumLibrary" type="TEARDOWN">
<doc>Closes the current browser.</doc>
<status status="PASS" start="2026-02-12T22:01:01.035710" elapsed="0.566382"/>
</kw>
<doc>Enter a valid income amount</doc>
<status status="FAIL" start="2026-02-12T22:00:48.462231" elapsed="13.140033">Element 'xpath://input[@data-testid="income-input"]' not visible after 5 seconds.</status>
</test>
<test id="s1-t3" name="TC-003 Click Calculate Button" line="36">
<kw name="Open Browser To Calculator">
<kw name="Open Browser" owner="SeleniumLibrary">
<msg time="2026-02-12T22:01:01.603687" level="INFO">Opening browser 'chrome' to base url 'https://www.abnamro.nl/en/personal/mortgages/mortgage-calculator/index.html'.</msg>
<arg>${URL}</arg>
<arg>${BROWSER}</arg>
<doc>Opens a new browser instance to the optional ``url``.</doc>
<status status="PASS" start="2026-02-12T22:01:01.603228" elapsed="2.840546"/>
</kw>
<kw name="Maximize Browser Window" owner="SeleniumLibrary">
<doc>Maximizes current browser window.</doc>
<status status="PASS" start="2026-02-12T22:01:04.444591" elapsed="0.872059"/>
</kw>
<kw name="Set Selenium Speed" owner="SeleniumLibrary">
<arg>0.5 seconds</arg>
<doc>Sets the delay that is waited after each Selenium command.</doc>
<status status="PASS" start="2026-02-12T22:01:05.316865" elapsed="0.000285"/>
</kw>
<status status="PASS" start="2026-02-12T22:01:01.602983" elapsed="3.714265"/>
</kw>
<kw name="Accept Cookies">
<kw name="Wait Until Element Is Visible" owner="SeleniumLibrary">
<arg>${COOKIE_ACCEPT}</arg>
<arg>15s</arg>
<doc>Waits until the element ``locator`` is visible.</doc>
<status status="PASS" start="2026-02-12T22:01:05.317877" elapsed="1.030150"/>
</kw>
<kw name="Click Element" owner="SeleniumLibrary">
<msg time="2026-02-12T22:01:06.349329" level="INFO">Clicking element 'id:onetrust-accept-btn-handler'.</msg>
<arg>${COOKIE_ACCEPT}</arg>
<doc>Click the element identified by ``locator``.</doc>
<status status="PASS" start="2026-02-12T22:01:06.348668" elapsed="1.079419"/>
</kw>
<kw name="Wait Until Element Is Not Visible" owner="SeleniumLibrary">
<arg>${COOKIE_ACCEPT}</arg>
<doc>Waits until the element ``locator`` is not visible.</doc>
<status status="PASS" start="2026-02-12T22:01:07.428259" elapsed="1.026315"/>
</kw>
<status status="PASS" start="2026-02-12T22:01:05.317543" elapsed="3.137382"/>
</kw>
<kw name="Input Text" owner="SeleniumLibrary">
<msg time="2026-02-12T22:01:08.456160" level="INFO">Typing text '65000' into text field 'xpath://input[@data-testid="income-input"]'.</msg>
<msg time="2026-02-12T22:01:09.551698" level="INFO" html="true">&lt;/td&gt;&lt;/tr&gt;&lt;tr&gt;&lt;td colspan="3"&gt;&lt;a href="selenium-screenshot-2.png"&gt;&lt;img src="selenium-screenshot-2.png" width="800px"&gt;&lt;/a&gt;</msg>
<msg time="2026-02-12T22:01:09.552165" level="FAIL">Element with locator 'xpath://input[@data-testid="income-input"]' not found.</msg>
<arg>${INCOME_FIELD}</arg>
<arg>65000</arg>
<doc>Types the given ``text`` into the text field identified by ``locator``.</doc>
<status status="FAIL" start="2026-02-12T22:01:08.455508" elapsed="1.100185">Element with locator 'xpath://input[@data-testid="income-input"]' not found.</status>
</kw>
<kw name="Click Element" owner="SeleniumLibrary">
<arg>${CALCULATE_BTN}</arg>
<doc>Click the element identified by ``locator``.</doc>
<status status="NOT RUN" start="2026-02-12T22:01:09.556174" elapsed="0.000054"/>
</kw>
<kw name="Wait For Loading">
<status status="NOT RUN" start="2026-02-12T22:01:09.556525" elapsed="0.000041"/>
</kw>
<kw name="Capture Page Screenshot" owner="SeleniumLibrary">
<arg>TC003_calculated.png</arg>
<doc>Takes a screenshot of the current page and embeds it into a log file.</doc>
<status status="NOT RUN" start="2026-02-12T22:01:09.556746" elapsed="0.000029"/>
</kw>
<kw name="Close Browser" owner="SeleniumLibrary" type="TEARDOWN">
<doc>Closes the current browser.</doc>
<status status="PASS" start="2026-02-12T22:01:09.557162" elapsed="0.580135"/>
</kw>
<doc>Click the calculate button and verify action</doc>
<status status="FAIL" start="2026-02-12T22:01:01.602589" elapsed="8.534887">Element with locator 'xpath://input[@data-testid="income-input"]' not found.</status>
</test>
<test id="s1-t4" name="TC-004 Verify Maximum Mortgage Amount Displayed" line="46">
<kw name="Open Browser To Calculator">
<kw name="Open Browser" owner="SeleniumLibrary">
<msg time="2026-02-12T22:01:10.138725" level="INFO">Opening browser 'chrome' to base url 'https://www.abnamro.nl/en/personal/mortgages/mortgage-calculator/index.html'.</msg>
<arg>${URL}</arg>
<arg>${BROWSER}</arg>
<doc>Opens a new browser instance to the optional ``url``.</doc>
<status status="PASS" start="2026-02-12T22:01:10.138516" elapsed="1.459539"/>
</kw>
<kw name="Maximize Browser Window" owner="SeleniumLibrary">
<doc>Maximizes current browser window.</doc>
<status status="PASS" start="2026-02-12T22:01:11.598340" elapsed="2.021107"/>
</kw>
<kw name="Set Selenium Speed" owner="SeleniumLibrary">
<arg>0.5 seconds</arg>
<doc>Sets the delay that is waited after each Selenium command.</doc>
<status status="PASS" start="2026-02-12T22:01:13.619617" elapsed="0.000214"/>
</kw>
<status status="PASS" start="2026-02-12T22:01:10.138246" elapsed="3.481652"/>
</kw>
<kw name="Accept Cookies">
<kw name="Wait Until Element Is Visible" owner="SeleniumLibrary">
<arg>${COOKIE_ACCEPT}</arg>
<arg>15s</arg>
<doc>Waits until the element ``locator`` is visible.</doc>
<status status="PASS" start="2026-02-12T22:01:13.620269" elapsed="1.739055"/>
</kw>
<kw name="Click Element" owner="SeleniumLibrary">
<msg time="2026-02-12T22:01:15.360107" level="INFO">Clicking element 'id:onetrust-accept-btn-handler'.</msg>
<arg>${COOKIE_ACCEPT}</arg>
<doc>Click the element identified by ``locator``.</doc>
<status status="PASS" start="2026-02-12T22:01:15.359721" elapsed="1.064482"/>
</kw>
<kw name="Wait Until Element Is Not Visible" owner="SeleniumLibrary">
<arg>${COOKIE_ACCEPT}</arg>
<doc>Waits until the element ``locator`` is not visible.</doc>
<status status="PASS" start="2026-02-12T22:01:16.424347" elapsed="1.019088"/>
</kw>
<status status="PASS" start="2026-02-12T22:01:13.620087" elapsed="3.823722"/>
</kw>
<kw name="Fill Income And Calculate">
<kw name="Wait Until Element Is Visible" owner="SeleniumLibrary">
<msg time="2026-02-12T22:01:23.043061" level="INFO" html="true">&lt;/td&gt;&lt;/tr&gt;&lt;tr&gt;&lt;td colspan="3"&gt;&lt;a href="selenium-screenshot-3.png"&gt;&lt;img src="selenium-screenshot-3.png" width="800px"&gt;&lt;/a&gt;</msg>
<msg time="2026-02-12T22:01:23.043190" level="FAIL">Element 'xpath://input[@data-testid="income-input"]' not visible after 5 seconds.</msg>
<arg>${INCOME_FIELD}</arg>
<doc>Waits until the element ``locator`` is visible.</doc>
<status status="FAIL" start="2026-02-12T22:01:17.445514" elapsed="5.597941">Element 'xpath://input[@data-testid="income-input"]' not visible after 5 seconds.</status>
</kw>
<kw name="Input Text" owner="SeleniumLibrary">
<arg>${INCOME_FIELD}</arg>
<arg>${income}</arg>
<doc>Types the given ``text`` into the text field identified by ``locator``.</doc>
<status status="NOT RUN" start="2026-02-12T22:01:23.043568" elapsed="0.000015"/>
</kw>
<kw name="Click Element" owner="SeleniumLibrary">
<arg>${CALCULATE_BTN}</arg>
<doc>Click the element identified by ``locator``.</doc>
<status status="NOT RUN" start="2026-02-12T22:01:23.043622" elapsed="0.000014"/>
</kw>
<kw name="Wait For Loading">
<status status="NOT RUN" start="2026-02-12T22:01:23.043702" elapsed="0.000010"/>
</kw>
<arg>65000</arg>
<status status="FAIL" start="2026-02-12T22:01:17.444617" elapsed="5.599174">Element 'xpath://input[@data-testid="income-input"]' not visible after 5 seconds.</status>
</kw>
<kw name="Wait Until Element Is Visible" owner="SeleniumLibrary">
<arg>${MAX_MORTGAGE}</arg>
<doc>Waits until the element ``locator`` is visible.</doc>
<status status="NOT RUN" start="2026-02-12T22:01:23.043863" elapsed="0.000702"/>
</kw>
<kw name="Get Text" owner="SeleniumLibrary">
<var>${max_mortgage}</var>
<arg>${MAX_MORTGAGE}</arg>
<doc>Returns the text value of the element identified by ``locator``.</doc>
<status status="NOT RUN" start="2026-02-12T22:01:23.044654" elapsed="0.000013"/>
</kw>
<kw name="Log To Console" owner="BuiltIn">
<arg>Maximum Mortgage: ${max_mortgage}</arg>
<doc>Logs the given message to the console.</doc>
<status status="NOT RUN" start="2026-02-12T22:01:23.044729" elapsed="0.000010"/>
</kw>
<kw name="Should Not Be Empty" owner="BuiltIn">
<arg>${max_mortgage}</arg>
<doc>Verifies that the given item is not empty.</doc>
<status status="NOT RUN" start="2026-02-12T22:01:23.044781" elapsed="0.000008"/>
</kw>
<kw name="Capture Page Screenshot" owner="SeleniumLibrary">
<arg>TC004_max_mortgage.png</arg>
<doc>Takes a screenshot of the current page and embeds it into a log file.</doc>
<status status="NOT RUN" start="2026-02-12T22:01:23.044831" elapsed="0.000008"/>
</kw>
<kw name="Close Browser" owner="SeleniumLibrary" type="TEARDOWN">
<doc>Closes the current browser.</doc>
<status status="PASS" start="2026-02-12T22:01:23.044936" elapsed="0.573221"/>
</kw>
<doc>Verify the maximum mortgage amount is shown after calculation</doc>
<status status="FAIL" start="2026-02-12T22:01:10.137799" elapsed="13.480557">Element 'xpath://input[@data-testid="income-input"]' not visible after 5 seconds.</status>
</test>
<test id="s1-t5" name="TC-005 Verify Monthly Payment Amount Displayed" line="58">
<kw name="Open Browser To Calculator">
<kw name="Open Browser" owner="SeleniumLibrary">
<msg time="2026-02-12T22:01:23.619555" level="INFO">Opening browser 'chrome' to base url 'https://www.abnamro.nl/en/personal/mortgages/mortgage-calculator/index.html'.</msg>
<arg>${URL}</arg>
<arg>${BROWSER}</arg>
<doc>Opens a new browser instance to the optional ``url``.</doc>
<status status="PASS" start="2026-02-12T22:01:23.619346" elapsed="2.462497"/>
</kw>
<kw name="Maximize Browser Window" owner="SeleniumLibrary">
<doc>Maximizes current browser window.</doc>
<status status="PASS" start="2026-02-12T22:01:26.082252" elapsed="0.932150"/>
</kw>
<kw name="Set Selenium Speed" owner="SeleniumLibrary">
<arg>0.5 seconds</arg>
<doc>Sets the delay that is waited after each Selenium command.</doc>
<status status="PASS" start="2026-02-12T22:01:27.014667" elapsed="0.000227"/>
</kw>
<status status="PASS" start="2026-02-12T22:01:23.619089" elapsed="3.395883"/>
</kw>
<kw name="Accept Cookies">
<kw name="Wait Until Element Is Visible" owner="SeleniumLibrary">
<arg>${COOKIE_ACCEPT}</arg>
<arg>15s</arg>
<doc>Waits until the element ``locator`` is visible.</doc>
<status status="PASS" start="2026-02-12T22:01:27.015383" elapsed="1.028272"/>
</kw>
<kw name="Click Element" owner="SeleniumLibrary">
<msg time="2026-02-12T22:01:28.043990" level="INFO">Clicking element 'id:onetrust-accept-btn-handler'.</msg>
<arg>${COOKIE_ACCEPT}</arg>
<doc>Click the element identified by ``locator``.</doc>
<status status="PASS" start="2026-02-12T22:01:28.043831" elapsed="1.052903"/>
</kw>
<kw name="Wait Until Element Is Not Visible" owner="SeleniumLibrary">
<arg>${COOKIE_ACCEPT}</arg>
<doc>Waits until the element ``locator`` is not visible.</doc>
<status status="PASS" start="2026-02-12T22:01:29.096863" elapsed="1.027926"/>
</kw>
<status status="PASS" start="2026-02-12T22:01:27.015177" elapsed="3.109992"/>
</kw>
<kw name="Fill Income And Calculate">
<kw name="Wait Until Element Is Visible" owner="SeleniumLibrary">
<msg time="2026-02-12T22:01:35.719579" level="INFO" html="true">&lt;/td&gt;&lt;/tr&gt;&lt;tr&gt;&lt;td colspan="3"&gt;&lt;a href="selenium-screenshot-4.png"&gt;&lt;img src="selenium-screenshot-4.png" width="800px"&gt;&lt;/a&gt;</msg>
<msg time="2026-02-12T22:01:35.719743" level="FAIL">Element 'xpath://input[@data-testid="income-input"]' not visible after 5 seconds.</msg>
<arg>${INCOME_FIELD}</arg>
<doc>Waits until the element ``locator`` is visible.</doc>
<status status="FAIL" start="2026-02-12T22:01:30.126596" elapsed="5.593609">Element 'xpath://input[@data-testid="income-input"]' not visible after 5 seconds.</status>
</kw>
<kw name="Input Text" owner="SeleniumLibrary">
<arg>${INCOME_FIELD}</arg>
<arg>${income}</arg>
<doc>Types the given ``text`` into the text field identified by ``locator``.</doc>
<status status="NOT RUN" start="2026-02-12T22:01:35.720404" elapsed="0.000032"/>
</kw>
<kw name="Click Element" owner="SeleniumLibrary">
<arg>${CALCULATE_BTN}</arg>
<doc>Click the element identified by ``locator``.</doc>
<status status="NOT RUN" start="2026-02-12T22:01:35.720540" elapsed="0.000022"/>
</kw>
<kw name="Wait For Loading">
<status status="NOT RUN" start="2026-02-12T22:01:35.720694" elapsed="0.000023"/>
</kw>
<arg>65000</arg>
<status status="FAIL" start="2026-02-12T22:01:30.125827" elapsed="5.594995">Element 'xpath://input[@data-testid="income-input"]' not visible after 5 seconds.</status>
</kw>
<kw name="Wait Until Element Is Visible" owner="SeleniumLibrary">
<arg>${MONTHLY_PAYMENT}</arg>
<doc>Waits until the element ``locator`` is visible.</doc>
<status status="NOT RUN" start="2026-02-12T22:01:35.720959" elapsed="0.000023"/>
</kw>
<kw name="Get Text" owner="SeleniumLibrary">
<var>${monthly}</var>
<arg>${MONTHLY_PAYMENT}</arg>
<doc>Returns the text value of the element identified by ``locator``.</doc>
<status status="NOT RUN" start="2026-02-12T22:01:35.721079" elapsed="0.000020"/>
</kw>
<kw name="Log To Console" owner="BuiltIn">
<arg>Monthly Payment: ${monthly}</arg>
<doc>Logs the given message to the console.</doc>
<status status="NOT RUN" start="2026-02-12T22:01:35.721199" elapsed="0.000017"/>
</kw>
<kw name="Should Not Be Empty" owner="BuiltIn">
<arg>${monthly}</arg>
<doc>Verifies that the given item is not empty.</doc>
<status status="NOT RUN" start="2026-02-12T22:01:35.721298" elapsed="0.000016"/>
</kw>
<kw name="Capture Page Screenshot" owner="SeleniumLibrary">
<arg>TC005_monthly_payment.png</arg>
<doc>Takes a screenshot of the current page and embeds it into a log file.</doc>
<status status="NOT RUN" start="2026-02-12T22:01:35.721400" elapsed="0.000015"/>
</kw>
<kw name="Close Browser" owner="SeleniumLibrary" type="TEARDOWN">
<doc>Closes the current browser.</doc>
<status status="PASS" start="2026-02-12T22:01:35.721589" elapsed="0.566339"/>
</kw>
<doc>Verify the monthly payment amount is shown after calculation</doc>
<status status="FAIL" start="2026-02-12T22:01:23.618650" elapsed="12.669470">Element 'xpath://input[@data-testid="income-input"]' not visible after 5 seconds.</status>
</test>
<test id="s1-t6" name="TC-006 Clear Income Field And Recalculate" line="70">
<kw name="Open Browser To Calculator">
<kw name="Open Browser" owner="SeleniumLibrary">
<msg time="2026-02-12T22:01:36.289334" level="INFO">Opening browser 'chrome' to base url 'https://www.abnamro.nl/en/personal/mortgages/mortgage-calculator/index.html'.</msg>
<arg>${URL}</arg>
<arg>${BROWSER}</arg>
<doc>Opens a new browser instance to the optional ``url``.</doc>
<status status="PASS" start="2026-02-12T22:01:36.289124" elapsed="2.977969"/>
</kw>
<kw name="Maximize Browser Window" owner="SeleniumLibrary">
<doc>Maximizes current browser window.</doc>
<status status="PASS" start="2026-02-12T22:01:39.267382" elapsed="0.988833"/>
</kw>
<kw name="Set Selenium Speed" owner="SeleniumLibrary">
<arg>0.5 seconds</arg>
<doc>Sets the delay that is waited after each Selenium command.</doc>
<status status="PASS" start="2026-02-12T22:01:40.256730" elapsed="0.000712"/>
</kw>
<status status="PASS" start="2026-02-12T22:01:36.288874" elapsed="3.968816"/>
</kw>
<kw name="Accept Cookies">
<kw name="Wait Until Element Is Visible" owner="SeleniumLibrary">
<arg>${COOKIE_ACCEPT}</arg>
<arg>15s</arg>
<doc>Waits until the element ``locator`` is visible.</doc>
<status status="PASS" start="2026-02-12T22:01:40.258988" elapsed="1.051431"/>
</kw>
<kw name="Click Element" owner="SeleniumLibrary">
<msg time="2026-02-12T22:01:41.311616" level="INFO">Clicking element 'id:onetrust-accept-btn-handler'.</msg>
<arg>${COOKIE_ACCEPT}</arg>
<doc>Click the element identified by ``locator``.</doc>
<status status="PASS" start="2026-02-12T22:01:41.310989" elapsed="1.070005"/>
</kw>
<kw name="Wait Until Element Is Not Visible" owner="SeleniumLibrary">
<arg>${COOKIE_ACCEPT}</arg>
<doc>Waits until the element ``locator`` is not visible.</doc>
<status status="PASS" start="2026-02-12T22:01:42.381143" elapsed="1.070566"/>
</kw>
<status status="PASS" start="2026-02-12T22:01:40.258345" elapsed="3.193755"/>
</kw>
<kw name="Input Text" owner="SeleniumLibrary">
<msg time="2026-02-12T22:01:43.453866" level="INFO">Typing text '65000' into text field 'xpath://input[@data-testid="income-input"]'.</msg>
<msg time="2026-02-12T22:01:44.543162" level="INFO" html="true">&lt;/td&gt;&lt;/tr&gt;&lt;tr&gt;&lt;td colspan="3"&gt;&lt;a href="selenium-screenshot-5.png"&gt;&lt;img src="selenium-screenshot-5.png" width="800px"&gt;&lt;/a&gt;</msg>
<msg time="2026-02-12T22:01:44.543596" level="FAIL">Element with locator 'xpath://input[@data-testid="income-input"]' not found.</msg>
<arg>${INCOME_FIELD}</arg>
<arg>65000</arg>
<doc>Types the given ``text`` into the text field identified by ``locator``.</doc>
<status status="FAIL" start="2026-02-12T22:01:43.453087" elapsed="1.092036">Element with locator 'xpath://input[@data-testid="income-input"]' not found.</status>
</kw>
<kw name="Clear Element Text" owner="SeleniumLibrary">
<arg>${INCOME_FIELD}</arg>
<doc>Clears the value of the text-input-element identified by ``locator``.</doc>
<status status="NOT RUN" start="2026-02-12T22:01:44.545700" elapsed="0.000057"/>
</kw>
<kw name="Input Text" owner="SeleniumLibrary">
<arg>${INCOME_FIELD}</arg>
<arg>80000</arg>
<doc>Types the given ``text`` into the text field identified by ``locator``.</doc>
<status status="NOT RUN" start="2026-02-12T22:01:44.545918" elapsed="0.000029"/>
</kw>
<kw name="Click Element" owner="SeleniumLibrary">
<arg>${CALCULATE_BTN}</arg>
<doc>Click the element identified by ``locator``.</doc>
<status status="NOT RUN" start="2026-02-12T22:01:44.546059" elapsed="0.000021"/>
</kw>
<kw name="Wait For Loading">
<status status="NOT RUN" start="2026-02-12T22:01:44.546256" elapsed="0.000032"/>
</kw>
<kw name="Capture Page Screenshot" owner="SeleniumLibrary">
<arg>TC006_recalculated.png</arg>
<doc>Takes a screenshot of the current page and embeds it into a log file.</doc>
<status status="NOT RUN" start="2026-02-12T22:01:44.546405" elapsed="0.000021"/>
</kw>
<kw name="Close Browser" owner="SeleniumLibrary" type="TEARDOWN">
<doc>Closes the current browser.</doc>
<status status="PASS" start="2026-02-12T22:01:44.546790" elapsed="0.564831"/>
</kw>
<doc>Clear the income field and enter a new value</doc>
<status status="FAIL" start="2026-02-12T22:01:36.288437" elapsed="8.823389">Element with locator 'xpath://input[@data-testid="income-input"]' not found.</status>
</test>
<test id="s1-t7" name="TC-007 Enter Different Income Amounts" line="82">
<kw name="Open Browser To Calculator">
<kw name="Open Browser" owner="SeleniumLibrary">
<msg time="2026-02-12T22:01:45.113060" level="INFO">Opening browser 'chrome' to base url 'https://www.abnamro.nl/en/personal/mortgages/mortgage-calculator/index.html'.</msg>
<arg>${URL}</arg>
<arg>${BROWSER}</arg>
<doc>Opens a new browser instance to the optional ``url``.</doc>
<status status="PASS" start="2026-02-12T22:01:45.112843" elapsed="2.600656"/>
</kw>
<kw name="Maximize Browser Window" owner="SeleniumLibrary">
<doc>Maximizes current browser window.</doc>
<status status="PASS" start="2026-02-12T22:01:47.713912" elapsed="0.950229"/>
</kw>
<kw name="Set Selenium Speed" owner="SeleniumLibrary">
<arg>0.5 seconds</arg>
<doc>Sets the delay that is waited after each Selenium command.</doc>
<status status="PASS" start="2026-02-12T22:01:48.664402" elapsed="0.000249"/>
</kw>
<status status="PASS" start="2026-02-12T22:01:45.112574" elapsed="3.552163"/>
</kw>
<kw name="Accept Cookies">
<kw name="Wait Until Element Is Visible" owner="SeleniumLibrary">
<arg>${COOKIE_ACCEPT}</arg>
<arg>15s</arg>
<doc>Waits until the element ``locator`` is visible.</doc>
<status status="PASS" start="2026-02-12T22:01:48.665294" elapsed="1.021774"/>
</kw>
<kw name="Click Element" owner="SeleniumLibrary">
<msg time="2026-02-12T22:01:49.688502" level="INFO">Clicking element 'id:onetrust-accept-btn-handler'.</msg>
<arg>${COOKIE_ACCEPT}</arg>
<doc>Click the element identified by ``locator``.</doc>
<status status="PASS" start="2026-02-12T22:01:49.687579" elapsed="1.067042"/>
</kw>
<kw name="Wait Until Element Is Not Visible" owner="SeleniumLibrary">
<arg>${COOKIE_ACCEPT}</arg>
<doc>Waits until the element ``locator`` is not visible.</doc>
<status status="PASS" start="2026-02-12T22:01:50.754778" elapsed="1.028373"/>
</kw>
<status status="PASS" start="2026-02-12T22:01:48.665053" elapsed="3.118413"/>
</kw>
<for flavor="IN">
<iter>
<kw name="Clear Element Text" owner="SeleniumLibrary">
<msg time="2026-02-12T22:01:52.921796" level="INFO" html="true">&lt;/td&gt;&lt;/tr&gt;&lt;tr&gt;&lt;td colspan="3"&gt;&lt;a href="selenium-screenshot-6.png"&gt;&lt;img src="selenium-screenshot-6.png" width="800px"&gt;&lt;/a&gt;</msg>
<msg time="2026-02-12T22:01:52.922044" level="FAIL">Element with locator 'xpath://input[@data-testid="income-input"]' not found.</msg>
<arg>${INCOME_FIELD}</arg>
<doc>Clears the value of the text-input-element identified by ``locator``.</doc>
<status status="FAIL" start="2026-02-12T22:01:51.784763" elapsed="1.139436">Element with locator 'xpath://input[@data-testid="income-input"]' not found.</status>
</kw>
<kw name="Input Text" owner="SeleniumLibrary">
<arg>${INCOME_FIELD}</arg>
<arg>${income}</arg>
<doc>Types the given ``text`` into the text field identified by ``locator``.</doc>
<status status="NOT RUN" start="2026-02-12T22:01:52.924468" elapsed="0.000040"/>
</kw>
<kw name="Click Element" owner="SeleniumLibrary">
<arg>${CALCULATE_BTN}</arg>
<doc>Click the element identified by ``locator``.</doc>
<status status="NOT RUN" start="2026-02-12T22:01:52.924617" elapsed="0.000026"/>
</kw>
<kw name="Wait For Loading">
<status status="NOT RUN" start="2026-02-12T22:01:52.924802" elapsed="0.000033"/>
</kw>
<kw name="Log To Console" owner="BuiltIn">
<arg>Tested income: ${income}</arg>
<doc>Logs the given message to the console.</doc>
<status status="NOT RUN" start="2026-02-12T22:01:52.924940" elapsed="0.000022"/>
</kw>
<var name="${income}">10000</var>
<status status="FAIL" start="2026-02-12T22:01:51.784424" elapsed="1.140621">Element with locator 'xpath://input[@data-testid="income-input"]' not found.</status>
</iter>
<var>${income}</var>
<value>10000</value>
<value>50000</value>
<value>100000</value>
<status status="FAIL" start="2026-02-12T22:01:51.783857" elapsed="1.141300">Element with locator 'xpath://input[@data-testid="income-input"]' not found.</status>
</for>
<kw name="Capture Page Screenshot" owner="SeleniumLibrary">
<arg>TC007_different_incomes.png</arg>
<doc>Takes a screenshot of the current page and embeds it into a log file.</doc>
<status status="NOT RUN" start="2026-02-12T22:01:52.925369" elapsed="0.000028"/>
</kw>
<kw name="Close Browser" owner="SeleniumLibrary" type="TEARDOWN">
<doc>Closes the current browser.</doc>
<status status="PASS" start="2026-02-12T22:01:52.925621" elapsed="0.577451"/>
</kw>
<doc>Test calculation with various income amounts</doc>
<status status="FAIL" start="2026-02-12T22:01:45.112143" elapsed="8.391117">Element with locator 'xpath://input[@data-testid="income-input"]' not found.</status>
</test>
<test id="s1-t8" name="TC-008 Enter Minimum Valid Income" line="96">
<kw name="Open Browser To Calculator">
<kw name="Open Browser" owner="SeleniumLibrary">
<msg time="2026-02-12T22:01:53.504426" level="INFO">Opening browser 'chrome' to base url 'https://www.abnamro.nl/en/personal/mortgages/mortgage-calculator/index.html'.</msg>
<arg>${URL}</arg>
<arg>${BROWSER}</arg>
<doc>Opens a new browser instance to the optional ``url``.</doc>
<status status="PASS" start="2026-02-12T22:01:53.504223" elapsed="2.981453"/>
</kw>
<kw name="Maximize Browser Window" owner="SeleniumLibrary">
<doc>Maximizes current browser window.</doc>
<status status="PASS" start="2026-02-12T22:01:56.485911" elapsed="1.121071"/>
</kw>
<kw name="Set Selenium Speed" owner="SeleniumLibrary">
<arg>0.5 seconds</arg>
<doc>Sets the delay that is waited after each Selenium command.</doc>
<status status="PASS" start="2026-02-12T22:01:57.607192" elapsed="0.000298"/>
</kw>
<status status="PASS" start="2026-02-12T22:01:53.503977" elapsed="4.103575"/>
</kw>
<kw name="Accept Cookies">
<kw name="Wait Until Element Is Visible" owner="SeleniumLibrary">
<arg>${COOKIE_ACCEPT}</arg>
<arg>15s</arg>
<doc>Waits until the element ``locator`` is visible.</doc>
<status status="PASS" start="2026-02-12T22:01:57.607990" elapsed="1.030525"/>
</kw>
<kw name="Click Element" owner="SeleniumLibrary">
<msg time="2026-02-12T22:01:58.639720" level="INFO">Clicking element 'id:onetrust-accept-btn-handler'.</msg>
<arg>${COOKIE_ACCEPT}</arg>
<doc>Click the element identified by ``locator``.</doc>
<status status="PASS" start="2026-02-12T22:01:58.639100" elapsed="1.052527"/>
</kw>
<kw name="Wait Until Element Is Not Visible" owner="SeleniumLibrary">
<arg>${COOKIE_ACCEPT}</arg>
<doc>Waits until the element ``locator`` is not visible.</doc>
<status status="PASS" start="2026-02-12T22:01:59.691929" elapsed="1.017946"/>
</kw>
<status status="PASS" start="2026-02-12T22:01:57.607813" elapsed="3.102148"/>
</kw>
<kw name="Fill Income And Calculate">
<kw name="Wait Until Element Is Visible" owner="SeleniumLibrary">
<msg time="2026-02-12T22:02:01.421029" level="WARN">Keyword 'Capture Page Screenshot' could not be run on failure: Message: no such window: target window already closed
from unknown error: web view not found
  (Session info: chrome=144.0.7559.133)
Stacktrace:
0   chromedriver                        0x0000000103327928 cxxbridge1$str$ptr + 3098388
1   chromedriver                        0x000000010331fc04 cxxbridge1$str$ptr + 3066352
2   chromedriver                        0x0000000102e0283c _RNvCs5DBLTqoOdVp_7___rustc35___rust_no_alloc_shim_is_unstable_v2 + 75008
3   chromedriver                        0x0000000102ddb330 chromedriver + 160560
4   chromedriver                        0x0000000102e74c4c _RNvCs5DBLTqoOdVp_7___rustc35___rust_no_alloc_shim_is_unstable_v2 + 542992
5   chromedriver                        0x0000000102e8ab30 _RNvCs5DBLTqoOdVp_7___rustc35___rust_no_alloc_shim_is_unstable_v2 + 632820
6   chromedriver                        0x0000000102e4007c _RNvCs5DBLTqoOdVp_7___rustc35___rust_no_alloc_shim_is_unstable_v2 + 326976
7   chromedriver                        0x00000001032e6884 cxxbridge1$str$ptr + 2831984
8   chromedriver                        0x00000001032e9fcc cxxbridge1$str$ptr + 2846136
9   chromedriver                        0x00000001032cb578 cxxbridge1$str$ptr + 2720612
10  chromedriver                        0x00000001032ea850 cxxbridge1$str$ptr + 2848316
11  chromedriver                        0x00000001032bb640 cxxbridge1$str$ptr + 2655276
12  chromedriver                        0x000000010330e194 cxxbridge1$str$ptr + 2994048
13  chromedriver                        0x000000010330e310 cxxbridge1$str$ptr + 2994428
14  chromedriver                        0x000000010331f85c cxxbridge1$str$ptr + 3065416
15  libsystem_pthread.dylib             0x0000000180691c08 _pthread_start + 136
16  libsystem_pthread.dylib             0x000000018068cba8 thread_start + 8
</msg>
<msg time="2026-02-12T22:02:01.424668" level="FAIL">NoSuchWindowException: Message: no such window: target window already closed
from unknown error: web view not found
  (Session info: chrome=144.0.7559.133)
Stacktrace:
0   chromedriver                        0x0000000103327928 cxxbridge1$str$ptr + 3098388
1   chromedriver                        0x000000010331fc04 cxxbridge1$str$ptr + 3066352
2   chromedriver                        0x0000000102e0283c _RNvCs5DBLTqoOdVp_7___rustc35___rust_no_alloc_shim_is_unstable_v2 + 75008
3   chromedriver                        0x0000000102ddb330 chromedriver + 160560
4   chromedriver                        0x0000000102e74c4c _RNvCs5DBLTqoOdVp_7___rustc35___rust_no_alloc_shim_is_unstable_v2 + 542992
5   chromedriver                        0x0000000102e8ab30 _RNvCs5DBLTqoOdVp_7___rustc35___rust_no_alloc_shim_is_unstable_v2 + 632820
6   chromedriver                        0x0000000102e4007c _RNvCs5DBLTqoOdVp_7___rustc35___rust_no_alloc_shim_is_unstable_v2 + 326976
7   chromedriver                        0x00000001032e6884 cxxbridge1$str$ptr + 2831984
8   chromedriver                        0x00000001032e9fcc cxxbridge1$str$ptr + 2846136
9   chromedriver                        0x00000001032cb578 cxxbridge1$str$ptr + 2720612
10  chromedriver                        0x00000001032ea850 cxxbridge1$str$ptr + 2848316
11  chromedriver                        0x00000001032bb640 cxxbridge1$str$ptr + 2655276
12  chromedriver                        0x000000010330e194 cxxbridge1$str$ptr + 2994048
13  chromedriver                        0x000000010330e310 cxxbridge1$str$ptr + 2994428
14  chromedriver                        0x000000010331f85c cxxbridge1$str$ptr + 3065416
15  libsystem_pthread.dylib             0x0000000180691c08 _pthread_start + 136
16  libsystem_pthread.dylib             0x000000018068cba8 thread_start + 8
</msg>
<arg>${INCOME_FIELD}</arg>
<doc>Waits until the element ``locator`` is visible.</doc>
<status status="FAIL" start="2026-02-12T22:02:00.710270" elapsed="0.719000">NoSuchWindowException: Message: no such window: target window already closed
from unknown error: web view not found
  (Session info: chrome=144.0.7559.133)
Stacktrace:
0   chromedriver                        0x0000000103327928 cxxbridge1$str$ptr + 3098388
1   chromedriver                        0x000000010331fc04 cxxbridge1$str$ptr + 3066352
2   chromedriver                        0x0000000102e0283c _RNvCs5DBLTqoOdVp_7___rustc35___rust_no_alloc_shim_is_unstable_v2 + 75008
3   chromedriver                        0x0000000102ddb330 chromedriver + 160560
4   chromedriver                        0x0000000102e74c4c _RNvCs5DBLTqoOdVp_7___rustc35___rust_no_alloc_shim_is_unstable_v2 + 542992
5   chromedriver                        0x0000000102e8ab30 _RNvCs5DBLTqoOdVp_7___rustc35___rust_no_alloc_shim_is_unstable_v2 + 632820
6   chromedriver                        0x0000000102e4007c _RNvCs5DBLTqoOdVp_7___rustc35___rust_no_alloc_shim_is_unstable_v2 + 326976
7   chromedriver                        0x00000001032e6884 cxxbridge1$str$ptr + 2831984
8   chromedriver                        0x00000001032e9fcc cxxbridge1$str$ptr + 2846136
9   chromedriver                        0x00000001032cb578 cxxbridge1$str$ptr + 2720612
10  chromedriver                        0x00000001032ea850 cxxbridge1$str$ptr + 2848316
11  chromedriver                        0x00000001032bb640 cxxbridge1$str$ptr + 2655276
12  chromedriver                        0x000000010330e194 cxxbridge1$str$ptr + 2994048
13  chromedriver                        0x000000010330e310 cxxbridge1$str$ptr + 2994428
14  chromedriver                        0x000000010331f85c cxxbridge1$str$ptr + 3065416
15  libsystem_pthread.dylib             0x0000000180691c08 _pthread_start + 136
16  libsystem_pthread.dylib             0x000000018068cba8 thread_start + 8
</status>
</kw>
<kw name="Input Text" owner="SeleniumLibrary">
<arg>${INCOME_FIELD}</arg>
<arg>${income}</arg>
<doc>Types the given ``text`` into the text field identified by ``locator``.</doc>
<status status="NOT RUN" start="2026-02-12T22:02:01.429603" elapsed="0.000042"/>
</kw>
<kw name="Click Element" owner="SeleniumLibrary">
<arg>${CALCULATE_BTN}</arg>
<doc>Click the element identified by ``locator``.</doc>
<status status="NOT RUN" start="2026-02-12T22:02:01.429768" elapsed="0.000036"/>
</kw>
<kw name="Wait For Loading">
<status status="NOT RUN" start="2026-02-12T22:02:01.430054" elapsed="0.000039"/>
</kw>
<arg>0</arg>
<status status="FAIL" start="2026-02-12T22:02:00.710110" elapsed="0.721261">NoSuchWindowException: Message: no such window: target window already closed
from unknown error: web view not found
  (Session info: chrome=144.0.7559.133)
Stacktrace:
0   chromedriver                        0x0000000103327928 cxxbridge1$str$ptr + 3098388
1   chromedriver                        0x000000010331fc04 cxxbridge1$str$ptr + 3066352
2   chromedriver                        0x0000000102e0283c _RNvCs5DBLTqoOdVp_7___rustc35___rust_no_alloc_shim_is_unstable_v2 + 75008
3   chromedriver                        0x0000000102ddb330 chromedriver + 160560
4   chromedriver                        0x0000000102e74c4c _RNvCs5DBLTqoOdVp_7___rustc35___rust_no_alloc_shim_is_unstable_v2 + 542992
5   chromedriver                        0x0000000102e8ab30 _RNvCs5DBLTqoOdVp_7___rustc35___rust_no_alloc_shim_is_unstable_v2 + 632820
6   chromedriver                        0x0000000102e4007c _RNvCs5DBLTqoOdVp_7___rustc35___rust_no_alloc_shim_is_unstable_v2 + 326976
7   chromedriver                        0x00000001032e6884 cxxbridge1$str$ptr + 2831984
8   chromedriver                        0x00000001032e9fcc cxxbridge1$str$ptr + 2846136
9   chromedriver                        0x00000001032cb578 cxxbridge1$str$ptr + 2720612
10  chromedriver                        0x00000001032ea850 cxxbridge1$str$ptr + 2848316
11  chromedriver                        0x00000001032bb640 cxxbridge1$str$ptr + 2655276
12  chromedriver                        0x000000010330e194 cxxbridge1$str$ptr + 2994048
13  chromedriver                        0x000000010330e310 cxxbridge1$str$ptr + 2994428
14  chromedriver                        0x000000010331f85c cxxbridge1$str$ptr + 3065416
15  libsystem_pthread.dylib             0x0000000180691c08 _pthread_start + 136
16  libsystem_pthread.dylib             0x000000018068cba8 thread_start + 8
</status>
</kw>
<kw name="Capture Page Screenshot" owner="SeleniumLibrary">
<arg>TC008_min_income.png</arg>
<doc>Takes a screenshot of the current page and embeds it into a log file.</doc>
<status status="NOT RUN" start="2026-02-12T22:02:01.431763" elapsed="0.000086"/>
</kw>
<kw name="Close Browser" owner="SeleniumLibrary" type="TEARDOWN">
<doc>Closes the current browser.</doc>
<status status="PASS" start="2026-02-12T22:02:01.432362" elapsed="0.565811"/>
</kw>
<doc>Test with minimum income value</doc>
<status status="FAIL" start="2026-02-12T22:01:53.503608" elapsed="8.494767">NoSuchWindowException: Message: no such window: target window already closed
from unknown error: web view not found
  (Session info: chrome=144.0.7559.133)
Stacktrace:
0   chromedriver                        0x0000000103327928 cxxbridge1$str$ptr + 3098388
1   chromedriver                        0x000000010331fc04 cxxbridge1$str$ptr + 3066352
2   chromedriver                        0x0000000102e0283c _RNvCs5DBLTqoOdVp_7___rustc35___rust_no_alloc_shim_is_unstable_v2 + 75008
3   chromedriver                        0x0000000102ddb330 chromedriver + 160560
4   chromedriver                        0x0000000102e74c4c _RNvCs5DBLTqoOdVp_7___rustc35___rust_no_alloc_shim_is_unstable_v2 + 542992
5   chromedriver                        0x0000000102e8ab30 _RNvCs5DBLTqoOdVp_7___rustc35___rust_no_alloc_shim_is_unstable_v2 + 632820
6   chromedriver                        0x0000000102e4007c _RNvCs5DBLTqoOdVp_7___rustc35___rust_no_alloc_shim_is_unstable_v2 + 326976
7   chromedriver                        0x00000001032e6884 cxxbridge1$str$ptr + 2831984
8   chromedriver                        0x00000001032e9fcc cxxbridge1$str$ptr + 2846136
9   chromedriver                        0x00000001032cb578 cxxbridge1$str$ptr + 2720612
10  chromedriver                        0x00000001032ea850 cxxbridge1$str$ptr + 2848316
11  chromedriver                        0x00000001032bb640 cxxbridge1$str$ptr + 2655276
12  chromedriver                        0x000000010330e194 cxxbridge1$str$ptr + 2994048
13  chromedriver                        0x000000010330e310 cxxbridge1$str$ptr + 2994428
14  chromedriver                        0x000000010331f85c cxxbridge1$str$ptr + 3065416
15  libsystem_pthread.dylib             0x0000000180691c08 _pthread_start + 136
16  libsystem_pthread.dylib             0x000000018068cba8 thread_start + 8
</status>
</test>
<test id="s1-t9" name="TC-009 Enter Maximum Income Value" line="104">
<kw name="Open Browser To Calculator">
<kw name="Open Browser" owner="SeleniumLibrary">
<msg time="2026-02-12T22:02:01.999883" level="INFO">Opening browser 'chrome' to base url 'https://www.abnamro.nl/en/personal/mortgages/mortgage-calculator/index.html'.</msg>
<arg>${URL}</arg>
<arg>${BROWSER}</arg>
<doc>Opens a new browser instance to the optional ``url``.</doc>
<status status="PASS" start="2026-02-12T22:02:01.999644" elapsed="2.720126"/>
</kw>
<kw name="Maximize Browser Window" owner="SeleniumLibrary">
<doc>Maximizes current browser window.</doc>
<status status="PASS" start="2026-02-12T22:02:04.720331" elapsed="1.253037"/>
</kw>
<kw name="Set Selenium Speed" owner="SeleniumLibrary">
<arg>0.5 seconds</arg>
<doc>Sets the delay that is waited after each Selenium command.</doc>
<status status="PASS" start="2026-02-12T22:02:05.974123" elapsed="0.000533"/>
</kw>
<status status="PASS" start="2026-02-12T22:02:01.999348" elapsed="3.975533"/>
</kw>
<kw name="Accept Cookies">
<kw name="Wait Until Element Is Visible" owner="SeleniumLibrary">
<arg>${COOKIE_ACCEPT}</arg>
<arg>15s</arg>
<doc>Waits until the element ``locator`` is visible.</doc>
<status status="PASS" start="2026-02-12T22:02:05.975752" elapsed="1.345507"/>
</kw>
<kw name="Click Element" owner="SeleniumLibrary">
<msg time="2026-02-12T22:02:07.322531" level="INFO">Clicking element 'id:onetrust-accept-btn-handler'.</msg>
<arg>${COOKIE_ACCEPT}</arg>
<doc>Click the element identified by ``locator``.</doc>
<status status="PASS" start="2026-02-12T22:02:07.321870" elapsed="1.091706"/>
</kw>
<kw name="Wait Until Element Is Not Visible" owner="SeleniumLibrary">
<arg>${COOKIE_ACCEPT}</arg>
<doc>Waits until the element ``locator`` is not visible.</doc>
<status status="PASS" start="2026-02-12T22:02:08.413735" elapsed="1.026183"/>
</kw>
<status status="PASS" start="2026-02-12T22:02:05.975376" elapsed="3.464711"/>
</kw>
<kw name="Fill Income And Calculate">
<kw name="Wait Until Element Is Visible" owner="SeleniumLibrary">
<msg time="2026-02-12T22:02:15.610499" level="INFO" html="true">&lt;/td&gt;&lt;/tr&gt;&lt;tr&gt;&lt;td colspan="3"&gt;&lt;a href="selenium-screenshot-7.png"&gt;&lt;img src="selenium-screenshot-7.png" width="800px"&gt;&lt;/a&gt;</msg>
<msg time="2026-02-12T22:02:15.610891" level="FAIL">Element 'xpath://input[@data-testid="income-input"]' not visible after 5 seconds.</msg>
<arg>${INCOME_FIELD}</arg>
<doc>Waits until the element ``locator`` is visible.</doc>
<status status="FAIL" start="2026-02-12T22:02:09.440729" elapsed="6.171172">Element 'xpath://input[@data-testid="income-input"]' not visible after 5 seconds.</status>
</kw>
<kw name="Input Text" owner="SeleniumLibrary">
<arg>${INCOME_FIELD}</arg>
<arg>${income}</arg>
<doc>Types the given ``text`` into the text field identified by ``locator``.</doc>
<status status="NOT RUN" start="2026-02-12T22:02:15.612308" elapsed="0.000062"/>
</kw>
<kw name="Click Element" owner="SeleniumLibrary">
<arg>${CALCULATE_BTN}</arg>
<doc>Click the element identified by ``locator``.</doc>
<status status="NOT RUN" start="2026-02-12T22:02:15.612576" elapsed="0.000046"/>
</kw>
<kw name="Wait For Loading">
<status status="NOT RUN" start="2026-02-12T22:02:15.612769" elapsed="0.000024"/>
</kw>
<arg>999999</arg>
<status status="FAIL" start="2026-02-12T22:02:09.440383" elapsed="6.172530">Element 'xpath://input[@data-testid="income-input"]' not visible after 5 seconds.</status>
</kw>
<kw name="Capture Page Screenshot" owner="SeleniumLibrary">
<arg>TC009_max_income.png</arg>
<doc>Takes a screenshot of the current page and embeds it into a log file.</doc>
<status status="NOT RUN" start="2026-02-12T22:02:15.613069" elapsed="0.000022"/>
</kw>
<kw name="Close Browser" owner="SeleniumLibrary" type="TEARDOWN">
<doc>Closes the current browser.</doc>
<status status="PASS" start="2026-02-12T22:02:15.613591" elapsed="0.568633"/>
</kw>
<doc>Test with very high income value</doc>
<status status="FAIL" start="2026-02-12T22:02:01.998912" elapsed="14.183504">Element 'xpath://input[@data-testid="income-input"]' not visible after 5 seconds.</status>
</test>
<test id="s1-t10" name="TC-010 Verify Calculation Formula" line="112">
<kw name="Open Browser To Calculator">
<kw name="Open Browser" owner="SeleniumLibrary">
<msg time="2026-02-12T22:02:16.183945" level="INFO">Opening browser 'chrome' to base url 'https://www.abnamro.nl/en/personal/mortgages/mortgage-calculator/index.html'.</msg>
<arg>${URL}</arg>
<arg>${BROWSER}</arg>
<doc>Opens a new browser instance to the optional ``url``.</doc>
<status status="PASS" start="2026-02-12T22:02:16.183687" elapsed="4.930794"/>
</kw>
<kw name="Maximize Browser Window" owner="SeleniumLibrary">
<doc>Maximizes current browser window.</doc>
<status status="PASS" start="2026-02-12T22:02:21.114951" elapsed="0.538208"/>
</kw>
<kw name="Set Selenium Speed" owner="SeleniumLibrary">
<arg>0.5 seconds</arg>
<doc>Sets the delay that is waited after each Selenium command.</doc>
<status status="PASS" start="2026-02-12T22:02:21.653342" elapsed="0.000231"/>
</kw>
<status status="PASS" start="2026-02-12T22:02:16.183217" elapsed="5.470434"/>
</kw>
<kw name="Accept Cookies">
<kw name="Wait Until Element Is Visible" owner="SeleniumLibrary">
<arg>${COOKIE_ACCEPT}</arg>
<arg>15s</arg>
<doc>Waits until the element ``locator`` is visible.</doc>
<status status="PASS" start="2026-02-12T22:02:21.654061" elapsed="1.018969"/>
</kw>
<kw name="Click Element" owner="SeleniumLibrary">
<msg time="2026-02-12T22:02:22.673715" level="INFO">Clicking element 'id:onetrust-accept-btn-handler'.</msg>
<arg>${COOKIE_ACCEPT}</arg>
<doc>Click the element identified by ``locator``.</doc>
<status status="PASS" start="2026-02-12T22:02:22.673365" elapsed="1.084803"/>
</kw>
<kw name="Wait Until Element Is Not Visible" owner="SeleniumLibrary">
<arg>${COOKIE_ACCEPT}</arg>
<doc>Waits until the element ``locator`` is not visible.</doc>
<status status="PASS" start="2026-02-12T22:02:23.758444" elapsed="1.016954"/>
</kw>
<status status="PASS" start="2026-02-12T22:02:21.653864" elapsed="3.121878"/>
</kw>
<kw name="Fill Income And Calculate">
<kw name="Wait Until Element Is Visible" owner="SeleniumLibrary">
<msg time="2026-02-12T22:02:30.381492" level="INFO" html="true">&lt;/td&gt;&lt;/tr&gt;&lt;tr&gt;&lt;td colspan="3"&gt;&lt;a href="selenium-screenshot-8.png"&gt;&lt;img src="selenium-screenshot-8.png" width="800px"&gt;&lt;/a&gt;</msg>
<msg time="2026-02-12T22:02:30.381723" level="FAIL">Element 'xpath://input[@data-testid="income-input"]' not visible after 5 seconds.</msg>
<arg>${INCOME_FIELD}</arg>
<doc>Waits until the element ``locator`` is visible.</doc>
<status status="FAIL" start="2026-02-12T22:02:24.777065" elapsed="5.605220">Element 'xpath://input[@data-testid="income-input"]' not visible after 5 seconds.</status>
</kw>
<kw name="Input Text" owner="SeleniumLibrary">
<arg>${INCOME_FIELD}</arg>
<arg>${income}</arg>
<doc>Types the given ``text`` into the text field identified by ``locator``.</doc>
<status status="NOT RUN" start="2026-02-12T22:02:30.382509" elapsed="0.000031"/>
</kw>
<kw name="Click Element" owner="SeleniumLibrary">
<arg>${CALCULATE_BTN}</arg>
<doc>Click the element identified by ``locator``.</doc>
<status status="NOT RUN" start="2026-02-12T22:02:30.382628" elapsed="0.000021"/>
</kw>
<kw name="Wait For Loading">
<status status="NOT RUN" start="2026-02-12T22:02:30.382783" elapsed="0.000022"/>
</kw>
<arg>65000</arg>
<status status="FAIL" start="2026-02-12T22:02:24.776355" elapsed="5.606568">Element 'xpath://input[@data-testid="income-input"]' not visible after 5 seconds.</status>
</kw>
<kw name="Wait Until Element Is Visible" owner="SeleniumLibrary">
<arg>${MAX_MORTGAGE}</arg>
<doc>Waits until the element ``locator`` is visible.</doc>
<status status="NOT RUN" start="2026-02-12T22:02:30.383073" elapsed="0.000027"/>
</kw>
<kw name="Get Text" owner="SeleniumLibrary">
<var>${max_mortgage_text}</var>
<arg>${MAX_MORTGAGE}</arg>
<doc>Returns the text value of the element identified by ``locator``.</doc>
<status status="NOT RUN" start="2026-02-12T22:02:30.383202" elapsed="0.000017"/>
</kw>
<kw name="Get Text" owner="SeleniumLibrary">
<var>${monthly_text}</var>
<arg>${MONTHLY_PAYMENT}</arg>
<doc>Returns the text value of the element identified by ``locator``.</doc>
<status status="NOT RUN" start="2026-02-12T22:02:30.383300" elapsed="0.000356"/>
</kw>
<kw name="Log To Console" owner="BuiltIn">
<arg>Max Mortgage: ${max_mortgage_text}, Monthly: ${monthly_text}</arg>
<doc>Logs the given message to the console.</doc>
<status status="NOT RUN" start="2026-02-12T22:02:30.383861" elapsed="0.000032"/>
</kw>
<kw name="Capture Page Screenshot" owner="SeleniumLibrary">
<arg>TC010_formula_verification.png</arg>
<doc>Takes a screenshot of the current page and embeds it into a log file.</doc>
<status status="NOT RUN" start="2026-02-12T22:02:30.384016" elapsed="0.000021"/>
</kw>
<kw name="Close Browser" owner="SeleniumLibrary" type="TEARDOWN">
<doc>Closes the current browser.</doc>
<status status="PASS" start="2026-02-12T22:02:30.384261" elapsed="0.580528"/>
</kw>
<doc>Verify the mortgage calculation follows expected formula</doc>
<status status="FAIL" start="2026-02-12T22:02:16.182751" elapsed="14.782220">Element 'xpath://input[@data-testid="income-input"]' not visible after 5 seconds.</status>
</test>
<test id="s1-t11" name="TC-011 Enter Non-Numeric Characters" line="124">
<kw name="Open Browser To Calculator">
<kw name="Open Browser" owner="SeleniumLibrary">
<msg time="2026-02-12T22:02:30.966062" level="INFO">Opening browser 'chrome' to base url 'https://www.abnamro.nl/en/personal/mortgages/mortgage-calculator/index.html'.</msg>
<arg>${URL}</arg>
<arg>${BROWSER}</arg>
<doc>Opens a new browser instance to the optional ``url``.</doc>
<status status="PASS" start="2026-02-12T22:02:30.965865" elapsed="3.531497"/>
</kw>
<kw name="Maximize Browser Window" owner="SeleniumLibrary">
<doc>Maximizes current browser window.</doc>
<status status="PASS" start="2026-02-12T22:02:34.497807" elapsed="0.868215"/>
</kw>
<kw name="Set Selenium Speed" owner="SeleniumLibrary">
<arg>0.5 seconds</arg>
<doc>Sets the delay that is waited after each Selenium command.</doc>
<status status="PASS" start="2026-02-12T22:02:35.366171" elapsed="0.000171"/>
</kw>
<status status="PASS" start="2026-02-12T22:02:30.965631" elapsed="4.400768"/>
</kw>
<kw name="Accept Cookies">
<kw name="Wait Until Element Is Visible" owner="SeleniumLibrary">
<arg>${COOKIE_ACCEPT}</arg>
<arg>15s</arg>
<doc>Waits until the element ``locator`` is visible.</doc>
<status status="PASS" start="2026-02-12T22:02:35.366700" elapsed="1.048416"/>
</kw>
<kw name="Click Element" owner="SeleniumLibrary">
<msg time="2026-02-12T22:02:36.415748" level="INFO">Clicking element 'id:onetrust-accept-btn-handler'.</msg>
<arg>${COOKIE_ACCEPT}</arg>
<doc>Click the element identified by ``locator``.</doc>
<status status="PASS" start="2026-02-12T22:02:36.415431" elapsed="1.080272"/>
</kw>
<kw name="Wait Until Element Is Not Visible" owner="SeleniumLibrary">
<arg>${COOKIE_ACCEPT}</arg>
<doc>Waits until the element ``locator`` is not visible.</doc>
<status status="PASS" start="2026-02-12T22:02:37.495934" elapsed="1.020608"/>
</kw>
<status status="PASS" start="2026-02-12T22:02:35.366561" elapsed="3.150328"/>
</kw>
<kw name="Input Text" owner="SeleniumLibrary">
<msg time="2026-02-12T22:02:38.518058" level="INFO">Typing text 'ABC' into text field 'xpath://input[@data-testid="income-input"]'.</msg>
<msg time="2026-02-12T22:02:39.629056" level="INFO" html="true">&lt;/td&gt;&lt;/tr&gt;&lt;tr&gt;&lt;td colspan="3"&gt;&lt;a href="selenium-screenshot-9.png"&gt;&lt;img src="selenium-screenshot-9.png" width="800px"&gt;&lt;/a&gt;</msg>
<msg time="2026-02-12T22:02:39.629302" level="FAIL">Element with locator 'xpath://input[@data-testid="income-input"]' not found.</msg>
<arg>${INCOME_FIELD}</arg>
<arg>ABC</arg>
<doc>Types the given ``text`` into the text field identified by ``locator``.</doc>
<status status="FAIL" start="2026-02-12T22:02:38.517446" elapsed="1.112657">Element with locator 'xpath://input[@data-testid="income-input"]' not found.</status>
</kw>
<kw name="Click Element" owner="SeleniumLibrary">
<arg>${CALCULATE_BTN}</arg>
<doc>Click the element identified by ``locator``.</doc>
<status status="NOT RUN" start="2026-02-12T22:02:39.630427" elapsed="0.000041"/>
</kw>
<kw name="Capture Page Screenshot" owner="SeleniumLibrary">
<arg>TC011_non_numeric.png</arg>
<doc>Takes a screenshot of the current page and embeds it into a log file.</doc>
<status status="NOT RUN" start="2026-02-12T22:02:39.630613" elapsed="0.000022"/>
</kw>
<kw name="Close Browser" owner="SeleniumLibrary" type="TEARDOWN">
<doc>Closes the current browser.</doc>
<status status="PASS" start="2026-02-12T22:02:39.630890" elapsed="0.570586"/>
</kw>
<doc>Test input validation with non-numeric characters</doc>
<status status="FAIL" start="2026-02-12T22:02:30.965252" elapsed="9.236500">Element with locator 'xpath://input[@data-testid="income-input"]' not found.</status>
</test>
<test id="s1-t12" name="TC-012 Enter Negative Income Value" line="133">
<kw name="Open Browser To Calculator">
<kw name="Open Browser" owner="SeleniumLibrary">
<msg time="2026-02-12T22:02:40.203368" level="INFO">Opening browser 'chrome' to base url 'https://www.abnamro.nl/en/personal/mortgages/mortgage-calculator/index.html'.</msg>
<arg>${URL}</arg>
<arg>${BROWSER}</arg>
<doc>Opens a new browser instance to the optional ``url``.</doc>
<status status="PASS" start="2026-02-12T22:02:40.203147" elapsed="2.781006"/>
</kw>
<kw name="Maximize Browser Window" owner="SeleniumLibrary">
<doc>Maximizes current browser window.</doc>
<status status="PASS" start="2026-02-12T22:02:42.984435" elapsed="1.126098"/>
</kw>
<kw name="Set Selenium Speed" owner="SeleniumLibrary">
<arg>0.5 seconds</arg>
<doc>Sets the delay that is waited after each Selenium command.</doc>
<status status="PASS" start="2026-02-12T22:02:44.110743" elapsed="0.000265"/>
</kw>
<status status="PASS" start="2026-02-12T22:02:40.202871" elapsed="3.908225"/>
</kw>
<kw name="Accept Cookies">
<kw name="Wait Until Element Is Visible" owner="SeleniumLibrary">
<arg>${COOKIE_ACCEPT}</arg>
<arg>15s</arg>
<doc>Waits until the element ``locator`` is visible.</doc>
<status status="PASS" start="2026-02-12T22:02:44.111562" elapsed="1.030696"/>
</kw>
<kw name="Click Element" owner="SeleniumLibrary">
<msg time="2026-02-12T22:02:45.143583" level="INFO">Clicking element 'id:onetrust-accept-btn-handler'.</msg>
<arg>${COOKIE_ACCEPT}</arg>
<doc>Click the element identified by ``locator``.</doc>
<status status="PASS" start="2026-02-12T22:02:45.142893" elapsed="1.073875"/>
</kw>
<kw name="Wait Until Element Is Not Visible" owner="SeleniumLibrary">
<arg>${COOKIE_ACCEPT}</arg>
<doc>Waits until the element ``locator`` is not visible.</doc>
<status status="PASS" start="2026-02-12T22:02:46.217217" elapsed="1.030428"/>
</kw>
<status status="PASS" start="2026-02-12T22:02:44.111335" elapsed="3.136476"/>
</kw>
<kw name="Input Text" owner="SeleniumLibrary">
<msg time="2026-02-12T22:02:47.248324" level="INFO">Typing text '-5000' into text field 'xpath://input[@data-testid="income-input"]'.</msg>
<msg time="2026-02-12T22:02:48.366117" level="INFO" html="true">&lt;/td&gt;&lt;/tr&gt;&lt;tr&gt;&lt;td colspan="3"&gt;&lt;a href="selenium-screenshot-10.png"&gt;&lt;img src="selenium-screenshot-10.png" width="800px"&gt;&lt;/a&gt;</msg>
<msg time="2026-02-12T22:02:48.366477" level="FAIL">Element with locator 'xpath://input[@data-testid="income-input"]' not found.</msg>
<arg>${INCOME_FIELD}</arg>
<arg>-5000</arg>
<doc>Types the given ``text`` into the text field identified by ``locator``.</doc>
<status status="FAIL" start="2026-02-12T22:02:47.248052" elapsed="1.119567">Element with locator 'xpath://input[@data-testid="income-input"]' not found.</status>
</kw>
<kw name="Click Element" owner="SeleniumLibrary">
<arg>${CALCULATE_BTN}</arg>
<doc>Click the element identified by ``locator``.</doc>
<status status="NOT RUN" start="2026-02-12T22:02:48.368117" elapsed="0.000055"/>
</kw>
<kw name="Capture Page Screenshot" owner="SeleniumLibrary">
<arg>TC012_negative.png</arg>
<doc>Takes a screenshot of the current page and embeds it into a log file.</doc>
<status status="NOT RUN" start="2026-02-12T22:02:48.368415" elapsed="0.000033"/>
</kw>
<kw name="Close Browser" owner="SeleniumLibrary" type="TEARDOWN">
<doc>Closes the current browser.</doc>
<status status="PASS" start="2026-02-12T22:02:48.368854" elapsed="0.563943"/>
</kw>
<doc>Test input validation with negative income</doc>
<status status="FAIL" start="2026-02-12T22:02:40.202424" elapsed="8.730511">Element with locator 'xpath://input[@data-testid="income-input"]' not found.</status>
</test>
<test id="s1-t13" name="TC-013 Enter Very Large Income Value" line="142">
<kw name="Open Browser To Calculator">
<kw name="Open Browser" owner="SeleniumLibrary">
<msg time="2026-02-12T22:02:48.934006" level="INFO">Opening browser 'chrome' to base url 'https://www.abnamro.nl/en/personal/mortgages/mortgage-calculator/index.html'.</msg>
<arg>${URL}</arg>
<arg>${BROWSER}</arg>
<doc>Opens a new browser instance to the optional ``url``.</doc>
<status status="PASS" start="2026-02-12T22:02:48.933838" elapsed="3.809628"/>
</kw>
<kw name="Maximize Browser Window" owner="SeleniumLibrary">
<doc>Maximizes current browser window.</doc>
<status status="PASS" start="2026-02-12T22:02:52.743802" elapsed="0.878203"/>
</kw>
<kw name="Set Selenium Speed" owner="SeleniumLibrary">
<arg>0.5 seconds</arg>
<doc>Sets the delay that is waited after each Selenium command.</doc>
<status status="PASS" start="2026-02-12T22:02:53.622622" elapsed="0.000742"/>
</kw>
<status status="PASS" start="2026-02-12T22:02:48.933632" elapsed="4.690000"/>
</kw>
<kw name="Accept Cookies">
<kw name="Wait Until Element Is Visible" owner="SeleniumLibrary">
<arg>${COOKIE_ACCEPT}</arg>
<arg>15s</arg>
<doc>Waits until the element ``locator`` is visible.</doc>
<status status="PASS" start="2026-02-12T22:02:53.624725" elapsed="1.035065"/>
</kw>
<kw name="Click Element" owner="SeleniumLibrary">
<msg time="2026-02-12T22:02:54.660364" level="INFO">Clicking element 'id:onetrust-accept-btn-handler'.</msg>
<arg>${COOKIE_ACCEPT}</arg>
<doc>Click the element identified by ``locator``.</doc>
<status status="PASS" start="2026-02-12T22:02:54.660069" elapsed="1.078710"/>
</kw>
<kw name="Wait Until Element Is Not Visible" owner="SeleniumLibrary">
<arg>${COOKIE_ACCEPT}</arg>
<doc>Waits until the element ``locator`` is not visible.</doc>
<status status="PASS" start="2026-02-12T22:02:55.738987" elapsed="1.021626"/>
</kw>
<status status="PASS" start="2026-02-12T22:02:53.624245" elapsed="3.136447"/>
</kw>
<kw name="Input Text" owner="SeleniumLibrary">
<msg time="2026-02-12T22:02:56.760956" level="INFO">Typing text '999999999' into text field 'xpath://input[@data-testid="income-input"]'.</msg>
<msg time="2026-02-12T22:02:57.270673" level="WARN">Keyword 'Capture Page Screenshot' could not be run on failure: Message: no such window: target window already closed
from unknown error: web view not found
  (Session info: chrome=144.0.7559.133)
Stacktrace:
0   chromedriver                        0x0000000101203928 cxxbridge1$str$ptr + 3098388
1   chromedriver                        0x00000001011fbc04 cxxbridge1$str$ptr + 3066352
2   chromedriver                        0x0000000100cde83c _RNvCs5DBLTqoOdVp_7___rustc35___rust_no_alloc_shim_is_unstable_v2 + 75008
3   chromedriver                        0x0000000100cb7330 chromedriver + 160560
4   chromedriver                        0x0000000100d50c4c _RNvCs5DBLTqoOdVp_7___rustc35___rust_no_alloc_shim_is_unstable_v2 + 542992
5   chromedriver                        0x0000000100d66b30 _RNvCs5DBLTqoOdVp_7___rustc35___rust_no_alloc_shim_is_unstable_v2 + 632820
6   chromedriver                        0x0000000100d1c07c _RNvCs5DBLTqoOdVp_7___rustc35___rust_no_alloc_shim_is_unstable_v2 + 326976
7   chromedriver                        0x00000001011c2884 cxxbridge1$str$ptr + 2831984
8   chromedriver                        0x00000001011c5fcc cxxbridge1$str$ptr + 2846136
9   chromedriver                        0x00000001011a7578 cxxbridge1$str$ptr + 2720612
10  chromedriver                        0x00000001011c6850 cxxbridge1$str$ptr + 2848316
11  chromedriver                        0x0000000101197640 cxxbridge1$str$ptr + 2655276
12  chromedriver                        0x00000001011ea194 cxxbridge1$str$ptr + 2994048
13  chromedriver                        0x00000001011ea310 cxxbridge1$str$ptr + 2994428
14  chromedriver                        0x00000001011fb85c cxxbridge1$str$ptr + 3065416
15  libsystem_pthread.dylib             0x0000000180691c08 _pthread_start + 136
16  libsystem_pthread.dylib             0x000000018068cba8 thread_start + 8
</msg>
<msg time="2026-02-12T22:02:57.271619" level="FAIL">Element with locator 'xpath://input[@data-testid="income-input"]' not found.</msg>
<arg>${INCOME_FIELD}</arg>
<arg>999999999</arg>
<doc>Types the given ``text`` into the text field identified by ``locator``.</doc>
<status status="FAIL" start="2026-02-12T22:02:56.760816" elapsed="0.511762">Element with locator 'xpath://input[@data-testid="income-input"]' not found.</status>
</kw>
<kw name="Click Element" owner="SeleniumLibrary">
<arg>${CALCULATE_BTN}</arg>
<doc>Click the element identified by ``locator``.</doc>
<status status="NOT RUN" start="2026-02-12T22:02:57.272958" elapsed="0.000049"/>
</kw>
<kw name="Wait For Loading">
<status status="NOT RUN" start="2026-02-12T22:02:57.273261" elapsed="0.000038"/>
</kw>
<kw name="Capture Page Screenshot" owner="SeleniumLibrary">
<arg>TC013_very_large.png</arg>
<doc>Takes a screenshot of the current page and embeds it into a log file.</doc>
<status status="NOT RUN" start="2026-02-12T22:02:57.273442" elapsed="0.000026"/>
</kw>
<kw name="Close Browser" owner="SeleniumLibrary" type="TEARDOWN">
<doc>Closes the current browser.</doc>
<status status="PASS" start="2026-02-12T22:02:57.273760" elapsed="0.565569"/>
</kw>
<doc>Test input validation with extremely large income</doc>
<status status="FAIL" start="2026-02-12T22:02:48.933293" elapsed="8.906216">Element with locator 'xpath://input[@data-testid="income-input"]' not found.</status>
</test>
<test id="s1-t14" name="TC-014 Leave Income Field Empty" line="152">
<kw name="Open Browser To Calculator">
<kw name="Open Browser" owner="SeleniumLibrary">
<msg time="2026-02-12T22:02:57.840557" level="INFO">Opening browser 'chrome' to base url 'https://www.abnamro.nl/en/personal/mortgages/mortgage-calculator/index.html'.</msg>
<arg>${URL}</arg>
<arg>${BROWSER}</arg>
<doc>Opens a new browser instance to the optional ``url``.</doc>
<status status="PASS" start="2026-02-12T22:02:57.840366" elapsed="2.668751"/>
</kw>
<kw name="Maximize Browser Window" owner="SeleniumLibrary">
<doc>Maximizes current browser window.</doc>
<status status="PASS" start="2026-02-12T22:03:00.509553" elapsed="1.009896"/>
</kw>
<kw name="Set Selenium Speed" owner="SeleniumLibrary">
<arg>0.5 seconds</arg>
<doc>Sets the delay that is waited after each Selenium command.</doc>
<status status="PASS" start="2026-02-12T22:03:01.519624" elapsed="0.000182"/>
</kw>
<status status="PASS" start="2026-02-12T22:02:57.840141" elapsed="3.679722"/>
</kw>
<kw name="Accept Cookies">
<kw name="Wait Until Element Is Visible" owner="SeleniumLibrary">
<msg time="2026-02-12T22:03:02.775251" level="WARN">Keyword 'Capture Page Screenshot' could not be run on failure: Message: no such window: target window already closed
from unknown error: web view not found
  (Session info: chrome=144.0.7559.133)
Stacktrace:
0   chromedriver                        0x0000000100ad7928 cxxbridge1$str$ptr + 3098388
1   chromedriver                        0x0000000100acfc04 cxxbridge1$str$ptr + 3066352
2   chromedriver                        0x00000001005b283c _RNvCs5DBLTqoOdVp_7___rustc35___rust_no_alloc_shim_is_unstable_v2 + 75008
3   chromedriver                        0x000000010058b330 chromedriver + 160560
4   chromedriver                        0x0000000100624c4c _RNvCs5DBLTqoOdVp_7___rustc35___rust_no_alloc_shim_is_unstable_v2 + 542992
5   chromedriver                        0x000000010063ab30 _RNvCs5DBLTqoOdVp_7___rustc35___rust_no_alloc_shim_is_unstable_v2 + 632820
6   chromedriver                        0x00000001005f007c _RNvCs5DBLTqoOdVp_7___rustc35___rust_no_alloc_shim_is_unstable_v2 + 326976
7   chromedriver                        0x0000000100a96884 cxxbridge1$str$ptr + 2831984
8   chromedriver                        0x0000000100a99fcc cxxbridge1$str$ptr + 2846136
9   chromedriver                        0x0000000100a7b578 cxxbridge1$str$ptr + 2720612
10  chromedriver                        0x0000000100a9a850 cxxbridge1$str$ptr + 2848316
11  chromedriver                        0x0000000100a6b640 cxxbridge1$str$ptr + 2655276
12  chromedriver                        0x0000000100abe194 cxxbridge1$str$ptr + 2994048
13  chromedriver                        0x0000000100abe310 cxxbridge1$str$ptr + 2994428
14  chromedriver                        0x0000000100acf85c cxxbridge1$str$ptr + 3065416
15  libsystem_pthread.dylib             0x0000000180691c08 _pthread_start + 136
16  libsystem_pthread.dylib             0x000000018068cba8 thread_start + 8
</msg>
<msg time="2026-02-12T22:03:02.775807" level="FAIL">NoSuchWindowException: Message: no such window: target window already closed
from unknown error: web view not found
  (Session info: chrome=144.0.7559.133)
Stacktrace:
0   chromedriver                        0x0000000100ad7928 cxxbridge1$str$ptr + 3098388
1   chromedriver                        0x0000000100acfc04 cxxbridge1$str$ptr + 3066352
2   chromedriver                        0x00000001005b283c _RNvCs5DBLTqoOdVp_7___rustc35___rust_no_alloc_shim_is_unstable_v2 + 75008
3   chromedriver                        0x000000010058b330 chromedriver + 160560
4   chromedriver                        0x0000000100624c4c _RNvCs5DBLTqoOdVp_7___rustc35___rust_no_alloc_shim_is_unstable_v2 + 542992
5   chromedriver                        0x000000010063ab30 _RNvCs5DBLTqoOdVp_7___rustc35___rust_no_alloc_shim_is_unstable_v2 + 632820
6   chromedriver                        0x00000001005f007c _RNvCs5DBLTqoOdVp_7___rustc35___rust_no_alloc_shim_is_unstable_v2 + 326976
7   chromedriver                        0x0000000100a96884 cxxbridge1$str$ptr + 2831984
8   chromedriver                        0x0000000100a99fcc cxxbridge1$str$ptr + 2846136
9   chromedriver                        0x0000000100a7b578 cxxbridge1$str$ptr + 2720612
10  chromedriver                        0x0000000100a9a850 cxxbridge1$str$ptr + 2848316
11  chromedriver                        0x0000000100a6b640 cxxbridge1$str$ptr + 2655276
12  chromedriver                        0x0000000100abe194 cxxbridge1$str$ptr + 2994048
13  chromedriver                        0x0000000100abe310 cxxbridge1$str$ptr + 2994428
14  chromedriver                        0x0000000100acf85c cxxbridge1$str$ptr + 3065416
15  libsystem_pthread.dylib             0x0000000180691c08 _pthread_start + 136
16  libsystem_pthread.dylib             0x000000018068cba8 thread_start + 8
</msg>
<arg>${COOKIE_ACCEPT}</arg>
<arg>15s</arg>
<doc>Waits until the element ``locator`` is visible.</doc>
<status status="FAIL" start="2026-02-12T22:03:01.520200" elapsed="1.256671">NoSuchWindowException: Message: no such window: target window already closed
from unknown error: web view not found
  (Session info: chrome=144.0.7559.133)
Stacktrace:
0   chromedriver                        0x0000000100ad7928 cxxbridge1$str$ptr + 3098388
1   chromedriver                        0x0000000100acfc04 cxxbridge1$str$ptr + 3066352
2   chromedriver                        0x00000001005b283c _RNvCs5DBLTqoOdVp_7___rustc35___rust_no_alloc_shim_is_unstable_v2 + 75008
3   chromedriver                        0x000000010058b330 chromedriver + 160560
4   chromedriver                        0x0000000100624c4c _RNvCs5DBLTqoOdVp_7___rustc35___rust_no_alloc_shim_is_unstable_v2 + 542992
5   chromedriver                        0x000000010063ab30 _RNvCs5DBLTqoOdVp_7___rustc35___rust_no_alloc_shim_is_unstable_v2 + 632820
6   chromedriver                        0x00000001005f007c _RNvCs5DBLTqoOdVp_7___rustc35___rust_no_alloc_shim_is_unstable_v2 + 326976
7   chromedriver                        0x0000000100a96884 cxxbridge1$str$ptr + 2831984
8   chromedriver                        0x0000000100a99fcc cxxbridge1$str$ptr + 2846136
9   chromedriver                        0x0000000100a7b578 cxxbridge1$str$ptr + 2720612
10  chromedriver                        0x0000000100a9a850 cxxbridge1$str$ptr + 2848316
11  chromedriver                        0x0000000100a6b640 cxxbridge1$str$ptr + 2655276
12  chromedriver                        0x0000000100abe194 cxxbridge1$str$ptr + 2994048
13  chromedriver                        0x0000000100abe310 cxxbridge1$str$ptr + 2994428
14  chromedriver                        0x0000000100acf85c cxxbridge1$str$ptr + 3065416
15  libsystem_pthread.dylib             0x0000000180691c08 _pthread_start + 136
16  libsystem_pthread.dylib             0x000000018068cba8 thread_start + 8
</status>
</kw>
<kw name="Click Element" owner="SeleniumLibrary">
<arg>${COOKIE_ACCEPT}</arg>
<doc>Click the element identified by ``locator``.</doc>
<status status="NOT RUN" start="2026-02-12T22:03:02.777047" elapsed="0.000028"/>
</kw>
<kw name="Wait Until Element Is Not Visible" owner="SeleniumLibrary">
<arg>${COOKIE_ACCEPT}</arg>
<doc>Waits until the element ``locator`` is not visible.</doc>
<status status="NOT RUN" start="2026-02-12T22:03:02.777148" elapsed="0.000018"/>
</kw>
<status status="FAIL" start="2026-02-12T22:03:01.520055" elapsed="1.257226">NoSuchWindowException: Message: no such window: target window already closed
from unknown error: web view not found
  (Session info: chrome=144.0.7559.133)
Stacktrace:
0   chromedriver                        0x0000000100ad7928 cxxbridge1$str$ptr + 3098388
1   chromedriver                        0x0000000100acfc04 cxxbridge1$str$ptr + 3066352
2   chromedriver                        0x00000001005b283c _RNvCs5DBLTqoOdVp_7___rustc35___rust_no_alloc_shim_is_unstable_v2 + 75008
3   chromedriver                        0x000000010058b330 chromedriver + 160560
4   chromedriver                        0x0000000100624c4c _RNvCs5DBLTqoOdVp_7___rustc35___rust_no_alloc_shim_is_unstable_v2 + 542992
5   chromedriver                        0x000000010063ab30 _RNvCs5DBLTqoOdVp_7___rustc35___rust_no_alloc_shim_is_unstable_v2 + 632820
6   chromedriver                        0x00000001005f007c _RNvCs5DBLTqoOdVp_7___rustc35___rust_no_alloc_shim_is_unstable_v2 + 326976
7   chromedriver                        0x0000000100a96884 cxxbridge1$str$ptr + 2831984
8   chromedriver                        0x0000000100a99fcc cxxbridge1$str$ptr + 2846136
9   chromedriver                        0x0000000100a7b578 cxxbridge1$str$ptr + 2720612
10  chromedriver                        0x0000000100a9a850 cxxbridge1$str$ptr + 2848316
11  chromedriver                        0x0000000100a6b640 cxxbridge1$str$ptr + 2655276
12  chromedriver                        0x0000000100abe194 cxxbridge1$str$ptr + 2994048
13  chromedriver                        0x0000000100abe310 cxxbridge1$str$ptr + 2994428
14  chromedriver                        0x0000000100acf85c cxxbridge1$str$ptr + 3065416
15  libsystem_pthread.dylib             0x0000000180691c08 _pthread_start + 136
16  libsystem_pthread.dylib             0x000000018068cba8 thread_start + 8
</status>
</kw>
<kw name="Wait Until Element Is Visible" owner="SeleniumLibrary">
<arg>${INCOME_FIELD}</arg>
<doc>Waits until the element ``locator`` is visible.</doc>
<status status="NOT RUN" start="2026-02-12T22:03:02.777392" elapsed="0.000021"/>
</kw>
<kw name="Click Element" owner="SeleniumLibrary">
<arg>${CALCULATE_BTN}</arg>
<doc>Click the element identified by ``locator``.</doc>
<status status="NOT RUN" start="2026-02-12T22:03:02.777490" elapsed="0.000014"/>
</kw>
<kw name="Capture Page Screenshot" owner="SeleniumLibrary">
<arg>TC014_empty.png</arg>
<doc>Takes a screenshot of the current page and embeds it into a log file.</doc>
<status status="NOT RUN" start="2026-02-12T22:03:02.777581" elapsed="0.000015"/>
</kw>
<kw name="Close Browser" owner="SeleniumLibrary" type="TEARDOWN">
<doc>Closes the current browser.</doc>
<status status="PASS" start="2026-02-12T22:03:02.777768" elapsed="0.573064"/>
</kw>
<doc>Test validation when income field is empty</doc>
<status status="FAIL" start="2026-02-12T22:02:57.839791" elapsed="5.511359">NoSuchWindowException: Message: no such window: target window already closed
from unknown error: web view not found
  (Session info: chrome=144.0.7559.133)
Stacktrace:
0   chromedriver                        0x0000000100ad7928 cxxbridge1$str$ptr + 3098388
1   chromedriver                        0x0000000100acfc04 cxxbridge1$str$ptr + 3066352
2   chromedriver                        0x00000001005b283c _RNvCs5DBLTqoOdVp_7___rustc35___rust_no_alloc_shim_is_unstable_v2 + 75008
3   chromedriver                        0x000000010058b330 chromedriver + 160560
4   chromedriver                        0x0000000100624c4c _RNvCs5DBLTqoOdVp_7___rustc35___rust_no_alloc_shim_is_unstable_v2 + 542992
5   chromedriver                        0x000000010063ab30 _RNvCs5DBLTqoOdVp_7___rustc35___rust_no_alloc_shim_is_unstable_v2 + 632820
6   chromedriver                        0x00000001005f007c _RNvCs5DBLTqoOdVp_7___rustc35___rust_no_alloc_shim_is_unstable_v2 + 326976
7   chromedriver                        0x0000000100a96884 cxxbridge1$str$ptr + 2831984
8   chromedriver                        0x0000000100a99fcc cxxbridge1$str$ptr + 2846136
9   chromedriver                        0x0000000100a7b578 cxxbridge1$str$ptr + 2720612
10  chromedriver                        0x0000000100a9a850 cxxbridge1$str$ptr + 2848316
11  chromedriver                        0x0000000100a6b640 cxxbridge1$str$ptr + 2655276
12  chromedriver                        0x0000000100abe194 cxxbridge1$str$ptr + 2994048
13  chromedriver                        0x0000000100abe310 cxxbridge1$str$ptr + 2994428
14  chromedriver                        0x0000000100acf85c cxxbridge1$str$ptr + 3065416
15  libsystem_pthread.dylib             0x0000000180691c08 _pthread_start + 136
16  libsystem_pthread.dylib             0x000000018068cba8 thread_start + 8
</status>
</test>
<test id="s1-t15" name="TC-015 Enter Decimal Values" line="161">
<kw name="Open Browser To Calculator">
<kw name="Open Browser" owner="SeleniumLibrary">
<msg time="2026-02-12T22:03:03.353939" level="INFO">Opening browser 'chrome' to base url 'https://www.abnamro.nl/en/personal/mortgages/mortgage-calculator/index.html'.</msg>
<arg>${URL}</arg>
<arg>${BROWSER}</arg>
<doc>Opens a new browser instance to the optional ``url``.</doc>
<status status="PASS" start="2026-02-12T22:03:03.353589" elapsed="2.040944"/>
</kw>
<kw name="Maximize Browser Window" owner="SeleniumLibrary">
<doc>Maximizes current browser window.</doc>
<status status="PASS" start="2026-02-12T22:03:05.394827" elapsed="2.109931"/>
</kw>
<kw name="Set Selenium Speed" owner="SeleniumLibrary">
<arg>0.5 seconds</arg>
<doc>Sets the delay that is waited after each Selenium command.</doc>
<status status="PASS" start="2026-02-12T22:03:07.504896" elapsed="0.000162"/>
</kw>
<status status="PASS" start="2026-02-12T22:03:03.353142" elapsed="4.151978"/>
</kw>
<kw name="Accept Cookies">
<kw name="Wait Until Element Is Visible" owner="SeleniumLibrary">
<arg>${COOKIE_ACCEPT}</arg>
<arg>15s</arg>
<doc>Waits until the element ``locator`` is visible.</doc>
<status status="PASS" start="2026-02-12T22:03:07.505412" elapsed="1.020991"/>
</kw>
<kw name="Click Element" owner="SeleniumLibrary">
<msg time="2026-02-12T22:03:08.527596" level="INFO">Clicking element 'id:onetrust-accept-btn-handler'.</msg>
<arg>${COOKIE_ACCEPT}</arg>
<doc>Click the element identified by ``locator``.</doc>
<status status="PASS" start="2026-02-12T22:03:08.526989" elapsed="1.081853"/>
</kw>
<kw name="Wait Until Element Is Not Visible" owner="SeleniumLibrary">
<arg>${COOKIE_ACCEPT}</arg>
<doc>Waits until the element ``locator`` is not visible.</doc>
<status status="PASS" start="2026-02-12T22:03:09.609004" elapsed="1.033120"/>
</kw>
<status status="PASS" start="2026-02-12T22:03:07.505278" elapsed="3.136992"/>
</kw>
<kw name="Input Text" owner="SeleniumLibrary">
<msg time="2026-02-12T22:03:10.642744" level="INFO">Typing text '65000.50' into text field 'xpath://input[@data-testid="income-input"]'.</msg>
<msg time="2026-02-12T22:03:11.749852" level="INFO" html="true">&lt;/td&gt;&lt;/tr&gt;&lt;tr&gt;&lt;td colspan="3"&gt;&lt;a href="selenium-screenshot-11.png"&gt;&lt;img src="selenium-screenshot-11.png" width="800px"&gt;&lt;/a&gt;</msg>
<msg time="2026-02-12T22:03:11.750212" level="FAIL">Element with locator 'xpath://input[@data-testid="income-input"]' not found.</msg>
<arg>${INCOME_FIELD}</arg>
<arg>65000.50</arg>
<doc>Types the given ``text`` into the text field identified by ``locator``.</doc>
<status status="FAIL" start="2026-02-12T22:03:10.642488" elapsed="1.108835">Element with locator 'xpath://input[@data-testid="income-input"]' not found.</status>
</kw>
<kw name="Click Element" owner="SeleniumLibrary">
<arg>${CALCULATE_BTN}</arg>
<doc>Click the element identified by ``locator``.</doc>
<status status="NOT RUN" start="2026-02-12T22:03:11.751797" elapsed="0.000051"/>
</kw>
<kw name="Wait For Loading">
<status status="NOT RUN" start="2026-02-12T22:03:11.752153" elapsed="0.000041"/>
</kw>
<kw name="Capture Page Screenshot" owner="SeleniumLibrary">
<arg>TC015_decimal.png</arg>
<doc>Takes a screenshot of the current page and embeds it into a log file.</doc>
<status status="NOT RUN" start="2026-02-12T22:03:11.752366" elapsed="0.000026"/>
</kw>
<kw name="Close Browser" owner="SeleniumLibrary" type="TEARDOWN">
<doc>Closes the current browser.</doc>
<status status="PASS" start="2026-02-12T22:03:11.752735" elapsed="0.571608"/>
</kw>
<doc>Test with decimal income values</doc>
<status status="FAIL" start="2026-02-12T22:03:03.352348" elapsed="8.972233">Element with locator 'xpath://input[@data-testid="income-input"]' not found.</status>
</test>
<test id="s1-t16" name="TC-016 Verify Page Load Time" line="171">
<kw name="Get Current Date" owner="DateTime">
<msg time="2026-02-12T22:03:12.325971" level="INFO">${start_time} = 1770930192.325848</msg>
<var>${start_time}</var>
<arg>result_format=epoch</arg>
<doc>Returns current local or UTC time with an optional increment.</doc>
<status status="PASS" start="2026-02-12T22:03:12.325518" elapsed="0.000488"/>
</kw>
<kw name="Open Browser To Calculator">
<kw name="Open Browser" owner="SeleniumLibrary">
<msg time="2026-02-12T22:03:12.326834" level="INFO">Opening browser 'chrome' to base url 'https://www.abnamro.nl/en/personal/mortgages/mortgage-calculator/index.html'.</msg>
<arg>${URL}</arg>
<arg>${BROWSER}</arg>
<doc>Opens a new browser instance to the optional ``url``.</doc>
<status status="PASS" start="2026-02-12T22:03:12.326636" elapsed="2.733199"/>
</kw>
<kw name="Maximize Browser Window" owner="SeleniumLibrary">
<doc>Maximizes current browser window.</doc>
<status status="PASS" start="2026-02-12T22:03:15.060121" elapsed="0.876772"/>
</kw>
<kw name="Set Selenium Speed" owner="SeleniumLibrary">
<arg>0.5 seconds</arg>
<doc>Sets the delay that is waited after each Selenium command.</doc>
<status status="PASS" start="2026-02-12T22:03:15.937139" elapsed="0.000296"/>
</kw>
<status status="PASS" start="2026-02-12T22:03:12.326337" elapsed="3.611192"/>
</kw>
<kw name="Accept Cookies">
<kw name="Wait Until Element Is Visible" owner="SeleniumLibrary">
<arg>${COOKIE_ACCEPT}</arg>
<arg>15s</arg>
<doc>Waits until the element ``locator`` is visible.</doc>
<status status="PASS" start="2026-02-12T22:03:15.938267" elapsed="1.031489"/>
</kw>
<kw name="Click Element" owner="SeleniumLibrary">
<msg time="2026-02-12T22:03:16.970780" level="INFO">Clicking element 'id:onetrust-accept-btn-handler'.</msg>
<arg>${COOKIE_ACCEPT}</arg>
<doc>Click the element identified by ``locator``.</doc>
<status status="PASS" start="2026-02-12T22:03:16.970279" elapsed="1.071705"/>
</kw>
<kw name="Wait Until Element Is Not Visible" owner="SeleniumLibrary">
<arg>${COOKIE_ACCEPT}</arg>
<doc>Waits until the element ``locator`` is not visible.</doc>
<status status="PASS" start="2026-02-12T22:03:18.042174" elapsed="1.031285"/>
</kw>
<status status="PASS" start="2026-02-12T22:03:15.937900" elapsed="3.135648"/>
</kw>
<kw name="Get Current Date" owner="DateTime">
<msg time="2026-02-12T22:03:19.073858" level="INFO">${end_time} = 1770930199.073789</msg>
<var>${end_time}</var>
<arg>result_format=epoch</arg>
<doc>Returns current local or UTC time with an optional increment.</doc>
<status status="PASS" start="2026-02-12T22:03:19.073686" elapsed="0.000185"/>
</kw>
<kw name="Evaluate" owner="BuiltIn">
<msg time="2026-02-12T22:03:19.074215" level="INFO">${load_time} = 6.7479407787323</msg>
<var>${load_time}</var>
<arg>${end_time} - ${start_time}</arg>
<doc>Evaluates the given expression in Python and returns the result.</doc>
<status status="PASS" start="2026-02-12T22:03:19.073988" elapsed="0.000239"/>
</kw>
<kw name="Log To Console" owner="BuiltIn">
<arg>Page load time: ${load_time} seconds</arg>
<doc>Logs the given message to the console.</doc>
<status status="PASS" start="2026-02-12T22:03:19.074296" elapsed="0.000064"/>
</kw>
<kw name="Should Be True" owner="BuiltIn">
<arg>${load_time} &lt; 10</arg>
<doc>Fails if the given condition is not true.</doc>
<status status="PASS" start="2026-02-12T22:03:19.074423" elapsed="0.000064"/>
</kw>
<kw name="Capture Page Screenshot" owner="SeleniumLibrary">
<msg time="2026-02-12T22:03:19.581431" level="WARN">Keyword 'Capture Page Screenshot' could not be run on failure: Message: no such window: target window already closed
from unknown error: web view not found
  (Session info: chrome=144.0.7559.133)
Stacktrace:
0   chromedriver                        0x000000010104b928 cxxbridge1$str$ptr + 3098388
1   chromedriver                        0x0000000101043c04 cxxbridge1$str$ptr + 3066352
2   chromedriver                        0x0000000100b2683c _RNvCs5DBLTqoOdVp_7___rustc35___rust_no_alloc_shim_is_unstable_v2 + 75008
3   chromedriver                        0x0000000100aff330 chromedriver + 160560
4   chromedriver                        0x0000000100b98c4c _RNvCs5DBLTqoOdVp_7___rustc35___rust_no_alloc_shim_is_unstable_v2 + 542992
5   chromedriver                        0x0000000100baeb30 _RNvCs5DBLTqoOdVp_7___rustc35___rust_no_alloc_shim_is_unstable_v2 + 632820
6   chromedriver                        0x0000000100b6407c _RNvCs5DBLTqoOdVp_7___rustc35___rust_no_alloc_shim_is_unstable_v2 + 326976
7   chromedriver                        0x000000010100a884 cxxbridge1$str$ptr + 2831984
8   chromedriver                        0x000000010100dfcc cxxbridge1$str$ptr + 2846136
9   chromedriver                        0x0000000100fef578 cxxbridge1$str$ptr + 2720612
10  chromedriver                        0x000000010100e850 cxxbridge1$str$ptr + 2848316
11  chromedriver                        0x0000000100fdf640 cxxbridge1$str$ptr + 2655276
12  chromedriver                        0x0000000101032194 cxxbridge1$str$ptr + 2994048
13  chromedriver                        0x0000000101032310 cxxbridge1$str$ptr + 2994428
14  chromedriver                        0x000000010104385c cxxbridge1$str$ptr + 3065416
15  libsystem_pthread.dylib             0x0000000180691c08 _pthread_start + 136
16  libsystem_pthread.dylib             0x000000018068cba8 thread_start + 8
